2017-10-14T12:27:03.889099-07:00
discharge_multiday_utm_multiple_prices.json
Override values: devices.gc_1.battery_1.starting_soc=0

0 00:00:00; 0; gc_1; ; None; initialize gc_1 - grid_controller
0 00:00:00; 0; utm_1; ; None; initialize utm_1 - Utility Meter
0 00:00:00; 0; eud_1; ; None; initialize eud_1 - light
0 00:00:00; 0; gc_1; ; None; registered utm_1
0 00:00:00; 0; utm_1; ; None; registered gc_1
0 00:00:00; 0; gc_1; ; None; registered eud_1
0 00:00:00; 0; eud_1; ; None; registered gc_1
current average price: 0.1
0 00:00:00; 0; utm_1; turn_on; 1; Turning on utility meter
0 00:00:00; 0; utm_1; set sell price; 0.1; set sell price
0 00:00:00; 0; utm_1; price message; 0.1; price msg to gc_1
0 00:00:00; 0; eud_1; turn_on; 1; turn on eud_1
0 00:00:00; 0; eud_1; request_msg; 500.0; REQUEST to gc_1
0 00:00:01; 1; gc_1; ; None; Read MessageType.PRICE from utm_1 with value 0.1
current average price: 0.1
0 00:00:01; 1; gc_1; ; None; Read MessageType.REQUEST from eud_1 with value 500.0
0 00:00:01; 1; battery_1; SOC 0.0, charge pref BatteryChargingPreference.CHARGE; None; changed from BatteryChargingPreference.NEUTRAL
0 00:00:01; 1; gc_1; allocate_msg; -500.0; ALLOCATE to eud_1
current average price: 0.1
0 00:00:02; 2; eud_1; ; None; Read MessageType.ALLOCATE from gc_1 with value -500.0
0 00:00:02; 2; eud_1; power_msg; 500.0; POWER to gc_1
0 00:00:03; 3; gc_1; ; None; Read MessageType.POWER from eud_1 with value 500.0
current average price: 0.10000000000000002
0 00:00:03; 3; gc_1; power_msg; 500.0; POWER to utm_1
0 00:00:04; 4; utm_1; ; None; Read MessageType.POWER from gc_1 with value 500.0
current average price: 0.10000000000000002
current average price: 0.1
0 02:20:00; 8400; battery_1; SOC 0.0, charge pref BatteryChargingPreference.CHARGE; None; unchanged charge preference
current average price: 0.1
current average price: 0.1
0 04:40:00; 16800; battery_1; SOC 0.0, charge pref BatteryChargingPreference.CHARGE; None; unchanged charge preference
current average price: 0.1
0 06:00:00; 21600; eud_1; turn_off; 0; turn off eud_1
0 06:00:00; 21600; eud_1; power_msg; 0; POWER to gc_1
current average price: 0.1
0 06:00:01; 21601; gc_1; ; None; Read MessageType.POWER from eud_1 with value 0
current average price: 0.09999999999999999
0 06:00:01; 21601; gc_1; power_msg; 0.0; POWER to utm_1
0 06:00:02; 21602; utm_1; ; None; Read MessageType.POWER from gc_1 with value 0.0
current average price: 0.1
0 07:00:00; 25200; battery_1; SOC 0.0, charge pref BatteryChargingPreference.CHARGE; None; unchanged charge preference
0 08:00:00; 28800; eud_1; turn_on; 1; turn on eud_1
0 08:00:00; 28800; eud_1; power_msg; 500.0; POWER to gc_1
0 08:00:00; 28800; utm_1; set sell price; 0.15; set sell price
0 08:00:00; 28800; utm_1; price message; 0.15; price msg to gc_1
current average price: 0.1
0 08:00:01; 28801; gc_1; ; None; Read MessageType.POWER from eud_1 with value 500.0
current average price: 0.09999999999999999
0 08:00:01; 28801; gc_1; power_msg; 500.0; POWER to utm_1
0 08:00:01; 28801; gc_1; ; None; Read MessageType.PRICE from utm_1 with value 0.15
current average price: 0.09999999999999999
0 08:00:01; 28801; gc_1; price change; 0.15; price changed to 0.15
0 08:00:01; 28801; gc_1; price_msg; 0.15; PRICE to utm_1
0 08:00:01; 28801; gc_1; price_msg; 0.15; PRICE to eud_1
0 08:00:02; 28802; utm_1; ; None; Read MessageType.POWER from gc_1 with value 500.0
0 08:00:02; 28802; utm_1; ; None; Read MessageType.PRICE from gc_1 with value 0.15
0 08:00:02; 28802; eud_1; ; None; Read MessageType.PRICE from gc_1 with value 0.15
0 08:00:02; 28802; eud_1; power_msg; 300.00000000000006; POWER to gc_1
0 08:00:03; 28803; gc_1; ; None; Read MessageType.POWER from eud_1 with value 300.00000000000006
current average price: 0.10000347186057008
0 08:00:03; 28803; gc_1; power_msg; 300.00000000000006; POWER to utm_1
0 08:00:04; 28804; utm_1; ; None; Read MessageType.POWER from gc_1 with value 300.00000000000006
current average price: 0.105554012345679
0 09:20:00; 33600; battery_1; SOC 0.0, charge pref BatteryChargingPreference.CHARGE; None; unchanged charge preference
current average price: 0.1099986111111111
current average price: 0.113635101010101
0 11:40:00; 42000; battery_1; SOC 0.0, charge pref BatteryChargingPreference.CHARGE; None; unchanged charge preference
current average price: 0.11666550925925925
current average price: 0.11922970085470085
current average price: 0.12142757936507936
0 14:00:00; 50400; battery_1; SOC 0.0, charge pref BatteryChargingPreference.CHARGE; None; unchanged charge preference
current average price: 0.1233324074074074
current average price: 0.12499913194444444
0 16:20:00; 58800; battery_1; SOC 0.0, charge pref BatteryChargingPreference.CHARGE; None; unchanged charge preference
current average price: 0.12646977124183006
0 18:00:00; 64800; eud_1; turn_off; 0; turn off eud_1
0 18:00:00; 64800; eud_1; power_msg; 0; POWER to gc_1
0 18:00:00; 64800; utm_1; set sell price; 0.05; set sell price
0 18:00:00; 64800; utm_1; price message; 0.05; price msg to gc_1
current average price: 0.12777700617283952
0 18:00:01; 64801; gc_1; ; None; Read MessageType.POWER from eud_1 with value 0
current average price: 0.12777734911498279
0 18:00:01; 64801; gc_1; power_msg; 0.0; POWER to utm_1
0 18:00:01; 64801; gc_1; ; None; Read MessageType.PRICE from utm_1 with value 0.05
current average price: 0.12777734911498279
