2017-08-21
scenario_A_basic_discharge_only.json

Day #0 00:00:00; 0; gc_1; ; None; initialized device #gc_1 - Grid Controller
Day #0 00:00:00; 0; utm_1; ; None; initialized device #utm_1 - Utility Meter
Day #0 00:00:00; 0; eud_1; ; None; initialized device #eud_1 - light
Day #0 00:00:00; 0; utm_1; turn_on; 1; Turning on utility meter
Day #0 00:00:00; 0; eud_1; turn on; 1; turn on device eud_1
Day #0 00:00:00; 0; eud_1; request message; 500.0; Send request message to gc_1
Day #0 00:00:00; 0; gc_1; ; None; Read message of type MessageType.REQUEST received from eud_1 with value 500.0
Day #0 00:00:00; 0; gc_1; allocate message; -500; allocate msg to eud_1
Day #0 00:00:00; 0; eud_1; ; None; Read message of type MessageType.ALLOCATE received from gc_1 with value -500
Day #0 00:00:00; 0; eud_1; power message; 500.0; Send power message to gc_1
Day #0 00:00:00; 0; gc_1; ; None; Read message of type MessageType.POWER received from eud_1 with value 500.0
Day #0 06:00:00; 21600; eud_1; turn off; 0; turn off device eud_1
Day #0 06:00:00; 21600; eud_1; power message; 0; Send power message to gc_1
Day #0 06:00:00; 21600; gc_1; ; None; Read message of type MessageType.POWER received from eud_1 with value 0
Day #0 08:00:00; 28800; eud_1; turn on; 1; turn on device eud_1
Day #0 08:00:00; 28800; eud_1; power message; 500.0; Send power message to gc_1
Day #0 08:00:00; 28800; gc_1; ; None; Read message of type MessageType.POWER received from eud_1 with value 500.0
Day #0 18:00:00; 64800; eud_1; turn off; 0; turn off device eud_1
Day #0 18:00:00; 64800; eud_1; power message; 0; Send power message to gc_1
Day #0 18:00:00; 64800; gc_1; ; None; Read message of type MessageType.POWER received from eud_1 with value 0
Day #1 00:00:00; 86400; gc_1; sum_wh_out; 8000.0; sum wh out for device gc_1
Day #1 00:00:00; 86400; gc_1; sum_wh_in; 0.0; sum wh in for device gc_1
Day #1 00:00:00; 86400; gc_1; battery sum charge wh; 0.0; battery sum charge wh
Day #1 00:00:00; 86400; gc_1; battery sum discharge wh; 8000.0; battery sum discharge wh
Day #1 00:00:00; 86400; utm_1; sum_wh_out; 0.0; sum wh out for device utm_1
Day #1 00:00:00; 86400; utm_1; sum_wh_in; 0.0; sum wh in for device utm_1
Day #1 00:00:00; 86400; eud_1; sum_wh_out; 0.0; sum wh out for device eud_1
Day #1 00:00:00; 86400; eud_1; sum_wh_in; 8000.0; sum wh in for device eud_1
