2017-10-22T16:06:40.010831-07:00
ac_scenario_1.json

0 00:00:00; 0; gc_1; ; None; initialize gc_1 - grid_controller
0 00:00:00; 0; utm_1; ; None; initialize utm_1 - Utility Meter
0 00:00:00; 0; pv_1; ; None; initialize pv_1 - pv
0 00:00:00; 0; eud_1; ; None; initialize eud_1 - light
0 00:00:00; 0; eud_2; ; None; initialize eud_2 - air_conditioner
0 00:00:00; 0; gc_1; ; None; registered utm_1
0 00:00:00; 0; utm_1; ; None; registered gc_1
0 00:00:00; 0; gc_1; ; None; registered eud_1
0 00:00:00; 0; eud_1; ; None; registered gc_1
0 00:00:00; 0; gc_1; ; None; registered eud_2
0 00:00:00; 0; eud_2; ; None; registered gc_1
0 00:00:00; 0; gc_1; ; None; registered pv_1
0 00:00:00; 0; pv_1; ; None; registered gc_1
0 00:00:00; 0; utm_1; turn_on; 1; Turning on utility meter
0 00:00:00; 0; utm_1; set sell price; 0.1; set sell price
0 00:00:00; 0; utm_1; price message; 0.1; price msg to gc_1
0 00:00:00; 0; eud_1; start_up; 1; start up eud_1
0 00:00:00; 0; eud_1; request_msg; 500.0; REQUEST to gc_1
0 00:00:00; 0; eud_1; brightness; 0.0; brightness changed to 0.0
0 00:00:00; 0; eud_2; start_up; 1; start up eud_2
0 00:00:00; 0; eud_2; set_point; 18.0; setpoint changed to 18.0
0 00:00:00; 0; eud_2; above_delta_threshold; 7.0; temp: 25.0, setpoint: 18.0, above delta threshold
0 00:00:00; 0; eud_2; compressor_on_off; 1; compressor_on
0 00:00:00; 0; eud_2; request_msg; 500.0; REQUEST to gc_1
0 00:00:00; 0; eud_2; insufficient power; 0; insufficient power to run compressor
0 00:00:00; 0; eud_2; compressor_on_off; 0; turn off compressor
0 00:00:01; 1; gc_1; ; None; Read MessageType.PRICE from utm_1 with value 0.1
0 00:00:01; 1; gc_1; ; None; Read MessageType.REQUEST from eud_1 with value 500.0
0 00:00:01; 1; gc_1; allocate_msg; -500.0; ALLOCATE to eud_1
0 00:00:01; 1; gc_1; ; None; Read MessageType.REQUEST from eud_2 with value 500.0
0 00:00:01; 1; gc_1; allocate_msg; -500.0; ALLOCATE to eud_2
0 00:00:02; 2; eud_1; ; None; Read MessageType.ALLOCATE from gc_1 with value -500.0
0 00:00:02; 2; eud_1; power_msg; 500.0; POWER to gc_1
0 00:00:02; 2; eud_1; brightness; 1.0; brightness changed to 1.0
0 00:00:02; 2; eud_2; ; None; Read MessageType.ALLOCATE from gc_1 with value -500.0
0 00:00:02; 2; eud_2; above_delta_threshold; 6.999870926111111; temp: 24.99987092611111, setpoint: 18.0, above delta threshold
0 00:00:02; 2; eud_2; compressor_on_off; 1; compressor_on
0 00:00:02; 2; eud_2; power_msg; 500.0; POWER to gc_1
0 00:00:03; 3; gc_1; ; None; Read MessageType.POWER from eud_1 with value 500.0
0 00:00:03; 3; battery_1; SOC 0.5, charge pref BatteryChargingPreference.NEUTRAL; None; battery load changed from 0 to -500.0
0 00:00:03; 3; gc_1; ; None; Read MessageType.POWER from eud_2 with value 500.0
0 00:00:03; 3; battery_1; SOC 0.5, charge pref BatteryChargingPreference.NEUTRAL; None; battery load changed from -500.0 to -1000.0
0 02:00:00; 7200; eud_1; brightness; 1.0; brightness changed to 1.0
0 02:20:00; 8400; battery_1; SOC 0.45335000000000014, charge pref BatteryChargingPreference.NEUTRAL; None; unchanged charge preference
0 04:00:00; 14400; eud_1; brightness; 1.0; brightness changed to 1.0
0 04:00:00; 14400; eud_2; below_delta_threshold; -0.574866024687406; temp: 17.425133975312594, setpoint: 18.0, below delta threshold
0 04:00:00; 14400; eud_2; compressor_on_off; 0; turn off compressor
0 04:00:00; 14400; eud_2; power_msg; 0; POWER to gc_1
0 04:00:01; 14401; gc_1; ; None; Read MessageType.POWER from eud_2 with value 0
0 04:00:01; 14401; battery_1; SOC 0.4200111111111114, charge pref BatteryChargingPreference.NEUTRAL; None; battery load changed from -1000.0 to -500.0
0 04:40:00; 16800; battery_1; SOC 0.4133472222222225, charge pref BatteryChargingPreference.NEUTRAL; None; unchanged charge preference
0 06:00:00; 21600; eud_1; shut_down; 0; shut down eud_1
0 06:00:00; 21600; eud_1; power_msg; 0; POWER to gc_1
0 06:00:01; 21601; gc_1; ; None; Read MessageType.POWER from eud_1 with value 0
0 06:00:01; 21601; battery_1; SOC 0.40001111111111126, charge pref BatteryChargingPreference.NEUTRAL; None; battery load changed from -500.0 to 0.0
0 07:00:00; 25200; battery_1; SOC 0.40001111111111126, charge pref BatteryChargingPreference.NEUTRAL; None; unchanged charge preference
0 07:40:00; 27600; pv_1; power_msg; -108.0; POWER to gc_1
0 07:40:00; 27600; eud_2; above_delta_threshold; 0.5219282003520043; temp: 18.521928200352004, setpoint: 18.0, above delta threshold
0 07:40:00; 27600; eud_2; compressor_on_off; 1; compressor_on
0 07:40:00; 27600; eud_2; power_msg; 500.0; POWER to gc_1
0 07:40:01; 27601; gc_1; ; None; Read MessageType.POWER from pv_1 with value -108.0
0 07:40:01; 27601; battery_1; SOC 0.40001111111111126, charge pref BatteryChargingPreference.NEUTRAL; None; battery load changed from 0.0 to 108.0
0 07:40:01; 27601; gc_1; ; None; Read MessageType.POWER from eud_2 with value 500.0
0 07:40:01; 27601; battery_1; SOC 0.40001111111111126, charge pref BatteryChargingPreference.NEUTRAL; None; battery load changed from 108.0 to -392.0
0 07:50:00; 28200; pv_1; power_msg; -216.0; POWER to gc_1
0 07:50:01; 28201; gc_1; ; None; Read MessageType.POWER from pv_1 with value -216.0
0 07:50:01; 28201; battery_1; SOC 0.3987044444444446, charge pref BatteryChargingPreference.NEUTRAL; None; battery load changed from -392.0 to -284.0
0 08:00:00; 28800; utm_1; set sell price; 0.15; set sell price
0 08:00:00; 28800; utm_1; price message; 0.15; price msg to gc_1
0 08:00:00; 28800; eud_1; start_up; 1; start up eud_1
0 08:00:00; 28800; eud_1; power_msg; 500.0; POWER to gc_1
0 08:00:00; 28800; eud_1; brightness; 1.0; brightness changed to 1.0
0 08:00:00; 28800; eud_1; brightness; 1.0; brightness changed to 1.0
0 08:00:00; 28800; pv_1; power_msg; -306.0; POWER to gc_1
0 08:00:01; 28801; gc_1; ; None; Read MessageType.PRICE from utm_1 with value 0.15
0 08:00:01; 28801; gc_1; ; None; Read MessageType.POWER from eud_1 with value 500.0
0 08:00:01; 28801; battery_1; SOC 0.39775777777777793, charge pref BatteryChargingPreference.NEUTRAL; None; battery load changed from -284.0 to -784.0
0 08:00:01; 28801; gc_1; ; None; Read MessageType.POWER from pv_1 with value -306.0
0 08:00:01; 28801; battery_1; SOC 0.39775777777777793, charge pref BatteryChargingPreference.NEUTRAL; None; battery load changed from -784.0 to -694.0
0 08:10:00; 29400; pv_1; power_msg; -414.0; POWER to gc_1
0 08:10:01; 29401; gc_1; ; None; Read MessageType.POWER from pv_1 with value -414.0
0 08:10:01; 29401; battery_1; SOC 0.3954444444444446, charge pref BatteryChargingPreference.NEUTRAL; None; battery load changed from -694.0 to -586.0
0 08:20:00; 30000; pv_1; power_msg; -522.0; POWER to gc_1
0 08:20:01; 30001; gc_1; ; None; Read MessageType.POWER from pv_1 with value -522.0
0 08:20:01; 30001; battery_1; SOC 0.39349111111111124, charge pref BatteryChargingPreference.NEUTRAL; None; battery load changed from -586.0 to -478.0
0 08:30:00; 30600; pv_1; power_msg; -612.0; POWER to gc_1
0 08:30:00; 30600; eud_2; below_delta_threshold; -0.5076055296229569; temp: 17.492394470377043, setpoint: 18.0, below delta threshold
0 08:30:00; 30600; eud_2; compressor_on_off; 0; turn off compressor
0 08:30:00; 30600; eud_2; power_msg; 0; POWER to gc_1
0 08:30:01; 30601; gc_1; ; None; Read MessageType.POWER from pv_1 with value -612.0
0 08:30:01; 30601; battery_1; SOC 0.3918977777777779, charge pref BatteryChargingPreference.NEUTRAL; None; battery load changed from -478.0 to -388.0
0 08:30:01; 30601; gc_1; ; None; Read MessageType.POWER from eud_2 with value 0
0 08:30:01; 30601; battery_1; SOC 0.3918977777777779, charge pref BatteryChargingPreference.NEUTRAL; None; battery load changed from -388.0 to 112.0
0 08:40:00; 31200; pv_1; power_msg; -720.0; POWER to gc_1
0 08:40:01; 31201; gc_1; ; None; Read MessageType.POWER from pv_1 with value -720.0
0 08:40:01; 31201; battery_1; SOC 0.39227111111111124, charge pref BatteryChargingPreference.NEUTRAL; None; battery load changed from 112.0 to 220.0
0 08:50:00; 31800; pv_1; power_msg; -810.0; POWER to gc_1
0 08:50:01; 31801; gc_1; ; None; Read MessageType.POWER from pv_1 with value -810.0
0 08:50:01; 31801; battery_1; SOC 0.3930044444444446, charge pref BatteryChargingPreference.NEUTRAL; None; battery load changed from 220.0 to 310.0
0 09:00:00; 32400; pv_1; power_msg; -900.0; POWER to gc_1
0 09:00:01; 32401; gc_1; ; None; Read MessageType.POWER from pv_1 with value -900.0
0 09:00:01; 32401; battery_1; SOC 0.39403777777777793, charge pref BatteryChargingPreference.NEUTRAL; None; unchanged charge preference
0 09:00:01; 32401; battery_1; SOC 0.39403777777777793, charge pref BatteryChargingPreference.NEUTRAL; None; battery load changed from 310.0 to 400.0
0 09:10:00; 33000; pv_1; power_msg; -990.0000000000001; POWER to gc_1
0 09:10:01; 33001; gc_1; ; None; Read MessageType.POWER from pv_1 with value -990.0000000000001
0 09:10:01; 33001; battery_1; SOC 0.39537111111111134, charge pref BatteryChargingPreference.NEUTRAL; None; battery load changed from 400.0 to 490.0000000000001
0 09:20:00; 33600; pv_1; power_msg; -1080.0; POWER to gc_1
0 09:20:01; 33601; gc_1; ; None; Read MessageType.POWER from pv_1 with value -1080.0
0 09:20:01; 33601; battery_1; SOC 0.39700444444444466, charge pref BatteryChargingPreference.NEUTRAL; None; battery load changed from 490.0000000000001 to 580.0
0 09:30:00; 34200; pv_1; power_msg; -1152.0; POWER to gc_1
0 09:30:00; 34200; eud_2; above_delta_threshold; 0.5574330365683053; temp: 18.557433036568305, setpoint: 18.0, above delta threshold
0 09:30:00; 34200; eud_2; compressor_on_off; 1; compressor_on
0 09:30:00; 34200; eud_2; power_msg; 500.0; POWER to gc_1
0 09:30:01; 34201; gc_1; ; None; Read MessageType.POWER from pv_1 with value -1152.0
0 09:30:01; 34201; battery_1; SOC 0.398937777777778, charge pref BatteryChargingPreference.NEUTRAL; None; battery load changed from 580.0 to 652.0
0 09:30:01; 34201; gc_1; ; None; Read MessageType.POWER from eud_2 with value 500.0
0 09:30:01; 34201; battery_1; SOC 0.398937777777778, charge pref BatteryChargingPreference.NEUTRAL; None; battery load changed from 652.0 to 152.0
0 09:40:00; 34800; pv_1; power_msg; -1242.0; POWER to gc_1
0 09:40:01; 34801; gc_1; ; None; Read MessageType.POWER from pv_1 with value -1242.0
0 09:40:01; 34801; battery_1; SOC 0.39944444444444466, charge pref BatteryChargingPreference.NEUTRAL; None; battery load changed from 152.0 to 242.0
0 09:50:00; 35400; pv_1; power_msg; -1314.0; POWER to gc_1
0 09:50:01; 35401; gc_1; ; None; Read MessageType.POWER from pv_1 with value -1314.0
0 09:50:01; 35401; battery_1; SOC 0.40025111111111134, charge pref BatteryChargingPreference.NEUTRAL; None; battery load changed from 242.0 to 314.0
0 10:00:00; 36000; eud_1; brightness; 1.0; brightness changed to 1.0
0 10:00:00; 36000; pv_1; power_msg; -1386.0; POWER to gc_1
0 10:00:01; 36001; gc_1; ; None; Read MessageType.POWER from pv_1 with value -1386.0
0 10:00:01; 36001; battery_1; SOC 0.401297777777778, charge pref BatteryChargingPreference.NEUTRAL; None; battery load changed from 314.0 to 386.0
0 10:10:00; 36600; pv_1; power_msg; -1440.0; POWER to gc_1
0 10:10:01; 36601; gc_1; ; None; Read MessageType.POWER from pv_1 with value -1440.0
0 10:10:01; 36601; battery_1; SOC 0.4025844444444446, charge pref BatteryChargingPreference.NEUTRAL; None; battery load changed from 386.0 to 440.0
0 10:20:00; 37200; pv_1; power_msg; -1512.0; POWER to gc_1
0 10:20:01; 37201; gc_1; ; None; Read MessageType.POWER from pv_1 with value -1512.0
0 10:20:01; 37201; battery_1; SOC 0.40405111111111125, charge pref BatteryChargingPreference.NEUTRAL; None; battery load changed from 440.0 to 512.0
0 10:30:00; 37800; pv_1; power_msg; -1566.0; POWER to gc_1
0 10:30:01; 37801; gc_1; ; None; Read MessageType.POWER from pv_1 with value -1566.0
0 10:30:01; 37801; battery_1; SOC 0.4057577777777779, charge pref BatteryChargingPreference.NEUTRAL; None; battery load changed from 512.0 to 566.0
0 10:40:00; 38400; pv_1; power_msg; -1602.0; POWER to gc_1
0 10:40:01; 38401; gc_1; ; None; Read MessageType.POWER from pv_1 with value -1602.0
0 10:40:01; 38401; battery_1; SOC 0.4076444444444446, charge pref BatteryChargingPreference.NEUTRAL; None; battery load changed from 566.0 to 602.0
0 10:50:00; 39000; pv_1; power_msg; -1656.0; POWER to gc_1
0 10:50:01; 39001; gc_1; ; None; Read MessageType.POWER from pv_1 with value -1656.0
0 10:50:01; 39001; battery_1; SOC 0.40965111111111124, charge pref BatteryChargingPreference.NEUTRAL; None; battery load changed from 602.0 to 656.0
0 11:00:00; 39600; pv_1; power_msg; -1692.0; POWER to gc_1
0 11:00:01; 39601; gc_1; ; None; Read MessageType.POWER from pv_1 with value -1692.0
0 11:00:01; 39601; battery_1; SOC 0.41183777777777786, charge pref BatteryChargingPreference.NEUTRAL; None; battery load changed from 656.0 to 692.0
0 11:10:00; 40200; pv_1; power_msg; -1728.0; POWER to gc_1
0 11:10:00; 40200; eud_2; below_delta_threshold; -0.5623412245269641; temp: 17.437658775473036, setpoint: 18.0, below delta threshold
0 11:10:00; 40200; eud_2; compressor_on_off; 0; turn off compressor
0 11:10:00; 40200; eud_2; power_msg; 0; POWER to gc_1
0 11:10:01; 40201; gc_1; ; None; Read MessageType.POWER from pv_1 with value -1728.0
0 11:10:01; 40201; battery_1; SOC 0.41414444444444454, charge pref BatteryChargingPreference.NEUTRAL; None; unchanged charge preference
0 11:10:01; 40201; battery_1; SOC 0.41414444444444454, charge pref BatteryChargingPreference.NEUTRAL; None; battery load changed from 692.0 to 728.0
0 11:10:01; 40201; gc_1; ; None; Read MessageType.POWER from eud_2 with value 0
0 11:10:01; 40201; battery_1; SOC 0.41414444444444454, charge pref BatteryChargingPreference.NEUTRAL; None; battery load changed from 728.0 to 1000.0
0 11:10:01; 40201; gc_1; power_msg; -228.0; POWER to utm_1
0 11:10:02; 40202; utm_1; ; None; Read MessageType.POWER from gc_1 with value -228.0
0 11:20:00; 40800; pv_1; power_msg; -1746.0; POWER to gc_1
0 11:20:01; 40801; gc_1; ; None; Read MessageType.POWER from pv_1 with value -1746.0
0 11:20:01; 40801; battery_1; SOC 0.4174777777777779, charge pref BatteryChargingPreference.NEUTRAL; None; battery load changed from 1000.0 to 1000.0
0 11:20:01; 40801; gc_1; power_msg; -246.0; POWER to utm_1
0 11:20:02; 40802; utm_1; ; None; Read MessageType.POWER from gc_1 with value -246.0
0 11:30:00; 41400; pv_1; power_msg; -1764.0; POWER to gc_1
0 11:30:01; 41401; gc_1; ; None; Read MessageType.POWER from pv_1 with value -1764.0
0 11:30:01; 41401; battery_1; SOC 0.42081111111111125, charge pref BatteryChargingPreference.NEUTRAL; None; battery load changed from 1000.0 to 1000.0
0 11:30:01; 41401; gc_1; power_msg; -264.0; POWER to utm_1
0 11:30:02; 41402; utm_1; ; None; Read MessageType.POWER from gc_1 with value -264.0
0 11:40:00; 42000; pv_1; power_msg; -1782.0; POWER to gc_1
0 11:40:01; 42001; gc_1; ; None; Read MessageType.POWER from pv_1 with value -1782.0
0 11:40:01; 42001; battery_1; SOC 0.4241444444444446, charge pref BatteryChargingPreference.NEUTRAL; None; battery load changed from 1000.0 to 1000.0
0 11:40:01; 42001; gc_1; power_msg; -282.0; POWER to utm_1
0 11:40:02; 42002; utm_1; ; None; Read MessageType.POWER from gc_1 with value -282.0
0 11:50:00; 42600; pv_1; power_msg; -1800.0; POWER to gc_1
0 11:50:01; 42601; gc_1; ; None; Read MessageType.POWER from pv_1 with value -1800.0
0 11:50:01; 42601; battery_1; SOC 0.42747777777777796, charge pref BatteryChargingPreference.NEUTRAL; None; battery load changed from 1000.0 to 1000.0
0 11:50:01; 42601; gc_1; power_msg; -300.0; POWER to utm_1
0 11:50:02; 42602; utm_1; ; None; Read MessageType.POWER from gc_1 with value -300.0
0 12:00:00; 43200; eud_1; brightness; 1.0; brightness changed to 1.0
0 12:00:00; 43200; eud_2; above_delta_threshold; 0.6414084418139403; temp: 18.64140844181394, setpoint: 18.0, above delta threshold
0 12:00:00; 43200; eud_2; compressor_on_off; 1; compressor_on
0 12:00:00; 43200; eud_2; power_msg; 500.0; POWER to gc_1
0 12:00:01; 43201; gc_1; ; None; Read MessageType.POWER from eud_2 with value 500.0
0 12:00:01; 43201; gc_1; power_msg; 0; POWER to utm_1
0 12:00:01; 43201; battery_1; SOC 0.4308111111111113, charge pref BatteryChargingPreference.NEUTRAL; None; battery load changed from 1000.0 to 800.0
0 12:00:02; 43202; utm_1; ; None; Read MessageType.POWER from gc_1 with value 0
0 12:20:00; 44400; pv_1; power_msg; -1782.0; POWER to gc_1
0 12:20:01; 44401; gc_1; ; None; Read MessageType.POWER from pv_1 with value -1782.0
0 12:20:01; 44401; battery_1; SOC 0.43614444444444467, charge pref BatteryChargingPreference.NEUTRAL; None; battery load changed from 800.0 to 782.0
0 12:30:00; 45000; pv_1; power_msg; -1764.0; POWER to gc_1
0 12:30:01; 45001; gc_1; ; None; Read MessageType.POWER from pv_1 with value -1764.0
0 12:30:01; 45001; battery_1; SOC 0.4387511111111113, charge pref BatteryChargingPreference.NEUTRAL; None; battery load changed from 782.0 to 764.0
0 12:40:00; 45600; pv_1; power_msg; -1746.0; POWER to gc_1
0 12:40:01; 45601; gc_1; ; None; Read MessageType.POWER from pv_1 with value -1746.0
0 12:40:01; 45601; battery_1; SOC 0.44129777777777796, charge pref BatteryChargingPreference.NEUTRAL; None; battery load changed from 764.0 to 746.0
0 12:50:00; 46200; pv_1; power_msg; -1728.0; POWER to gc_1
0 12:50:01; 46201; gc_1; ; None; Read MessageType.POWER from pv_1 with value -1728.0
0 12:50:01; 46201; battery_1; SOC 0.4437844444444446, charge pref BatteryChargingPreference.NEUTRAL; None; battery load changed from 746.0 to 728.0
0 13:00:00; 46800; pv_1; power_msg; -1692.0; POWER to gc_1
0 13:00:01; 46801; gc_1; ; None; Read MessageType.POWER from pv_1 with value -1692.0
0 13:00:01; 46801; battery_1; SOC 0.4462111111111112, charge pref BatteryChargingPreference.NEUTRAL; None; battery load changed from 728.0 to 692.0
0 13:10:00; 47400; pv_1; power_msg; -1656.0; POWER to gc_1
0 13:10:01; 47401; gc_1; ; None; Read MessageType.POWER from pv_1 with value -1656.0
0 13:10:01; 47401; battery_1; SOC 0.4485177777777779, charge pref BatteryChargingPreference.NEUTRAL; None; battery load changed from 692.0 to 656.0
0 13:20:00; 48000; pv_1; power_msg; -1602.0; POWER to gc_1
0 13:20:00; 48000; battery_1; SOC 0.45070080000000007, charge pref BatteryChargingPreference.NEUTRAL; None; unchanged charge preference
0 13:20:01; 48001; gc_1; ; None; Read MessageType.POWER from pv_1 with value -1602.0
0 13:20:01; 48001; battery_1; SOC 0.4507044444444445, charge pref BatteryChargingPreference.NEUTRAL; None; battery load changed from 656.0 to 602.0
0 13:30:00; 48600; pv_1; power_msg; -1566.0; POWER to gc_1
0 13:30:01; 48601; gc_1; ; None; Read MessageType.POWER from pv_1 with value -1566.0
0 13:30:01; 48601; battery_1; SOC 0.4527111111111112, charge pref BatteryChargingPreference.NEUTRAL; None; battery load changed from 602.0 to 566.0
0 13:40:00; 49200; pv_1; power_msg; -1512.0; POWER to gc_1
0 13:40:01; 49201; gc_1; ; None; Read MessageType.POWER from pv_1 with value -1512.0
0 13:40:01; 49201; battery_1; SOC 0.4545977777777779, charge pref BatteryChargingPreference.NEUTRAL; None; battery load changed from 566.0 to 512.0
0 13:50:00; 49800; pv_1; power_msg; -1440.0; POWER to gc_1
0 13:50:01; 49801; gc_1; ; None; Read MessageType.POWER from pv_1 with value -1440.0
0 13:50:01; 49801; battery_1; SOC 0.4563044444444445, charge pref BatteryChargingPreference.NEUTRAL; None; battery load changed from 512.0 to 440.0
0 14:00:00; 50400; eud_1; brightness; 1.0; brightness changed to 1.0
0 14:00:00; 50400; pv_1; power_msg; -1386.0; POWER to gc_1
0 14:00:01; 50401; gc_1; ; None; Read MessageType.POWER from pv_1 with value -1386.0
0 14:00:01; 50401; battery_1; SOC 0.4577711111111112, charge pref BatteryChargingPreference.NEUTRAL; None; battery load changed from 440.0 to 386.0
0 14:10:00; 51000; pv_1; power_msg; -1314.0; POWER to gc_1
0 14:10:01; 51001; gc_1; ; None; Read MessageType.POWER from pv_1 with value -1314.0
0 14:10:01; 51001; battery_1; SOC 0.4590577777777778, charge pref BatteryChargingPreference.NEUTRAL; None; battery load changed from 386.0 to 314.0
0 14:20:00; 51600; pv_1; power_msg; -1242.0; POWER to gc_1
0 14:20:01; 51601; gc_1; ; None; Read MessageType.POWER from pv_1 with value -1242.0
0 14:20:01; 51601; battery_1; SOC 0.4601044444444444, charge pref BatteryChargingPreference.NEUTRAL; None; battery load changed from 314.0 to 242.0
0 14:30:00; 52200; pv_1; power_msg; -1152.0; POWER to gc_1
0 14:30:01; 52201; gc_1; ; None; Read MessageType.POWER from pv_1 with value -1152.0
0 14:30:01; 52201; battery_1; SOC 0.4609111111111111, charge pref BatteryChargingPreference.NEUTRAL; None; battery load changed from 242.0 to 152.0
0 14:40:00; 52800; pv_1; power_msg; -1080.0; POWER to gc_1
0 14:40:01; 52801; gc_1; ; None; Read MessageType.POWER from pv_1 with value -1080.0
0 14:40:01; 52801; battery_1; SOC 0.46141777777777776, charge pref BatteryChargingPreference.NEUTRAL; None; battery load changed from 152.0 to 80.0
0 14:50:00; 53400; pv_1; power_msg; -990.0000000000001; POWER to gc_1
0 14:50:00; 53400; eud_2; below_delta_threshold; -0.5170201739644682; temp: 17.482979826035532, setpoint: 18.0, below delta threshold
0 14:50:00; 53400; eud_2; compressor_on_off; 0; turn off compressor
0 14:50:00; 53400; eud_2; power_msg; 0; POWER to gc_1
0 14:50:01; 53401; gc_1; ; None; Read MessageType.POWER from pv_1 with value -990.0000000000001
0 14:50:01; 53401; battery_1; SOC 0.4616844444444444, charge pref BatteryChargingPreference.NEUTRAL; None; battery load changed from 80.0 to -9.999999999999886
0 14:50:01; 53401; gc_1; ; None; Read MessageType.POWER from eud_2 with value 0
0 14:50:01; 53401; battery_1; SOC 0.4616844444444444, charge pref BatteryChargingPreference.NEUTRAL; None; battery load changed from -9.999999999999886 to 490.0000000000001
0 15:00:00; 54000; pv_1; power_msg; -900.0; POWER to gc_1
0 15:00:01; 54001; gc_1; ; None; Read MessageType.POWER from pv_1 with value -900.0
0 15:00:01; 54001; battery_1; SOC 0.4633177777777777, charge pref BatteryChargingPreference.NEUTRAL; None; battery load changed from 490.0000000000001 to 400.0
0 15:10:00; 54600; pv_1; power_msg; -810.0; POWER to gc_1
0 15:10:01; 54601; gc_1; ; None; Read MessageType.POWER from pv_1 with value -810.0
0 15:10:01; 54601; battery_1; SOC 0.46465111111111107, charge pref BatteryChargingPreference.NEUTRAL; None; battery load changed from 400.0 to 310.0
0 15:20:00; 55200; pv_1; power_msg; -720.0; POWER to gc_1
0 15:20:01; 55201; gc_1; ; None; Read MessageType.POWER from pv_1 with value -720.0
0 15:20:01; 55201; battery_1; SOC 0.46568444444444446, charge pref BatteryChargingPreference.NEUTRAL; None; unchanged charge preference
0 15:20:01; 55201; battery_1; SOC 0.46568444444444446, charge pref BatteryChargingPreference.NEUTRAL; None; battery load changed from 310.0 to 220.0
0 15:30:00; 55800; pv_1; power_msg; -612.0; POWER to gc_1
0 15:30:00; 55800; eud_2; above_delta_threshold; 0.5910677987492079; temp: 18.591067798749208, setpoint: 18.0, above delta threshold
0 15:30:00; 55800; eud_2; compressor_on_off; 1; compressor_on
0 15:30:00; 55800; eud_2; power_msg; 500.0; POWER to gc_1
0 15:30:01; 55801; gc_1; ; None; Read MessageType.POWER from pv_1 with value -612.0
0 15:30:01; 55801; battery_1; SOC 0.4664177777777778, charge pref BatteryChargingPreference.NEUTRAL; None; battery load changed from 220.0 to 112.0
0 15:30:01; 55801; gc_1; ; None; Read MessageType.POWER from eud_2 with value 500.0
0 15:30:01; 55801; battery_1; SOC 0.4664177777777778, charge pref BatteryChargingPreference.NEUTRAL; None; battery load changed from 112.0 to -388.0
0 15:40:00; 56400; pv_1; power_msg; -522.0; POWER to gc_1
0 15:40:01; 56401; gc_1; ; None; Read MessageType.POWER from pv_1 with value -522.0
0 15:40:01; 56401; battery_1; SOC 0.46512444444444445, charge pref BatteryChargingPreference.NEUTRAL; None; battery load changed from -388.0 to -478.0
0 15:50:00; 57000; pv_1; power_msg; -414.0; POWER to gc_1
0 15:50:01; 57001; gc_1; ; None; Read MessageType.POWER from pv_1 with value -414.0
0 15:50:01; 57001; battery_1; SOC 0.4635311111111111, charge pref BatteryChargingPreference.NEUTRAL; None; battery load changed from -478.0 to -586.0
0 16:00:00; 57600; eud_1; brightness; 1.0; brightness changed to 1.0
0 16:00:00; 57600; pv_1; power_msg; -306.0; POWER to gc_1
0 16:00:01; 57601; gc_1; ; None; Read MessageType.POWER from pv_1 with value -306.0
0 16:00:01; 57601; battery_1; SOC 0.46157777777777775, charge pref BatteryChargingPreference.NEUTRAL; None; battery load changed from -586.0 to -694.0
0 16:10:00; 58200; pv_1; power_msg; -216.0; POWER to gc_1
0 16:10:01; 58201; gc_1; ; None; Read MessageType.POWER from pv_1 with value -216.0
0 16:10:01; 58201; battery_1; SOC 0.45926444444444436, charge pref BatteryChargingPreference.NEUTRAL; None; battery load changed from -694.0 to -784.0
0 16:20:00; 58800; pv_1; power_msg; -108.0; POWER to gc_1
0 16:20:01; 58801; gc_1; ; None; Read MessageType.POWER from pv_1 with value -108.0
0 16:20:01; 58801; battery_1; SOC 0.4566511111111111, charge pref BatteryChargingPreference.NEUTRAL; None; battery load changed from -784.0 to -892.0
0 16:30:00; 59400; pv_1; power_msg; -0.0; POWER to gc_1
0 16:30:01; 59401; gc_1; ; None; Read MessageType.POWER from pv_1 with value -0.0
0 16:30:01; 59401; battery_1; SOC 0.45367777777777774, charge pref BatteryChargingPreference.NEUTRAL; None; battery load changed from -892.0 to -1000.0
0 17:40:00; 63600; battery_1; SOC 0.43035, charge pref BatteryChargingPreference.NEUTRAL; None; unchanged charge preference
0 18:00:00; 64800; utm_1; set sell price; 0.05; set sell price
0 18:00:00; 64800; utm_1; price message; 0.05; price msg to gc_1
0 18:00:00; 64800; eud_1; shut_down; 0; shut down eud_1
0 18:00:00; 64800; eud_1; power_msg; 0; POWER to gc_1
0 18:00:01; 64801; gc_1; ; None; Read MessageType.PRICE from utm_1 with value 0.05
0 18:00:01; 64801; gc_1; ; None; Read MessageType.POWER from eud_1 with value 0
0 18:00:01; 64801; battery_1; SOC 0.4236777777777778, charge pref BatteryChargingPreference.NEUTRAL; None; battery load changed from -1000.0 to -500.0
0 18:20:00; 66000; eud_2; below_delta_threshold; -0.5353927821272428; temp: 17.464607217872757, setpoint: 18.0, below delta threshold
0 18:20:00; 66000; eud_2; compressor_on_off; 0; turn off compressor
0 18:20:00; 66000; eud_2; power_msg; 0; POWER to gc_1
0 18:20:01; 66001; gc_1; ; None; Read MessageType.POWER from eud_2 with value 0
0 18:20:01; 66001; battery_1; SOC 0.42034444444444446, charge pref BatteryChargingPreference.NEUTRAL; None; battery load changed from -500.0 to 0.0
0 19:30:00; 70200; eud_2; above_delta_threshold; 0.6254038526461265; temp: 18.625403852646127, setpoint: 18.0, above delta threshold
0 19:30:00; 70200; eud_2; compressor_on_off; 1; compressor_on
0 19:30:00; 70200; eud_2; power_msg; 500.0; POWER to gc_1
0 19:30:01; 70201; gc_1; ; None; Read MessageType.POWER from eud_2 with value 500.0
0 19:30:01; 70201; battery_1; SOC 0.42034444444444446, charge pref BatteryChargingPreference.NEUTRAL; None; battery load changed from 0.0 to -500.0
0 20:00:00; 72000; battery_1; SOC 0.4153472222222222, charge pref BatteryChargingPreference.NEUTRAL; None; unchanged charge preference
0 20:30:00; 73800; eud_2; below_delta_threshold; -0.5503314686498477; temp: 17.449668531350152, setpoint: 18.0, below delta threshold
0 20:30:00; 73800; eud_2; compressor_on_off; 0; turn off compressor
0 20:30:00; 73800; eud_2; power_msg; 0; POWER to gc_1
0 20:30:01; 73801; gc_1; ; None; Read MessageType.POWER from eud_2 with value 0
0 20:30:01; 73801; battery_1; SOC 0.4103444444444444, charge pref BatteryChargingPreference.NEUTRAL; None; battery load changed from -500.0 to 0.0
0 22:20:00; 80400; battery_1; SOC 0.4103444444444444, charge pref BatteryChargingPreference.NEUTRAL; None; unchanged charge preference
0 22:20:00; 80400; eud_2; above_delta_threshold; 0.5875893366271931; temp: 18.587589336627193, setpoint: 18.0, above delta threshold
0 22:20:00; 80400; eud_2; compressor_on_off; 1; compressor_on
0 22:20:00; 80400; eud_2; power_msg; 500.0; POWER to gc_1
0 22:20:01; 80401; gc_1; ; None; Read MessageType.POWER from eud_2 with value 500.0
0 22:20:01; 80401; battery_1; SOC 0.4103444444444444, charge pref BatteryChargingPreference.NEUTRAL; None; battery load changed from 0.0 to -500.0
0 23:10:00; 83400; eud_2; below_delta_threshold; -0.6266405669909894; temp: 17.37335943300901, setpoint: 18.0, below delta threshold
0 23:10:00; 83400; eud_2; compressor_on_off; 0; turn off compressor
0 23:10:00; 83400; eud_2; power_msg; 0; POWER to gc_1
0 23:10:01; 83401; gc_1; ; None; Read MessageType.POWER from eud_2 with value 0
0 23:10:01; 83401; battery_1; SOC 0.40201111111111104, charge pref BatteryChargingPreference.NEUTRAL; None; battery load changed from -500.0 to 0.0
1 00:00:00; 86400; utm_1; set sell price; 0.1; set sell price
1 00:00:00; 86400; utm_1; price message; 0.1; price msg to gc_1
1 00:00:00; 86400; eud_1; start_up; 1; start up eud_1
1 00:00:00; 86400; eud_1; power_msg; 500.0; POWER to gc_1
1 00:00:00; 86400; eud_1; brightness; 1.0; brightness changed to 1.0
1 00:00:00; 86400; eud_1; brightness; 1.0; brightness changed to 1.0
1 00:00:01; 86401; gc_1; ; None; Read MessageType.PRICE from utm_1 with value 0.1
1 00:00:01; 86401; gc_1; ; None; Read MessageType.POWER from eud_1 with value 500.0
1 00:00:01; 86401; battery_1; SOC 0.40201111111111104, charge pref BatteryChargingPreference.NEUTRAL; None; battery load changed from 0.0 to -500.0
1 00:40:00; 88800; battery_1; SOC 0.3953472222222221, charge pref BatteryChargingPreference.NEUTRAL; None; unchanged charge preference
1 01:50:00; 93000; eud_2; above_delta_threshold; 0.5538749307875683; temp: 18.55387493078757, setpoint: 18.0, above delta threshold
1 01:50:00; 93000; eud_2; compressor_on_off; 1; compressor_on
1 01:50:00; 93000; eud_2; power_msg; 500.0; POWER to gc_1
1 01:50:01; 93001; gc_1; ; None; Read MessageType.POWER from eud_2 with value 500.0
1 01:50:01; 93001; battery_1; SOC 0.3836777777777776, charge pref BatteryChargingPreference.NEUTRAL; None; battery load changed from -500.0 to -1000.0
1 02:00:00; 93600; eud_1; brightness; 1.0; brightness changed to 1.0
1 02:30:00; 95400; eud_2; below_delta_threshold; -0.5079109774791917; temp: 17.49208902252081, setpoint: 18.0, below delta threshold
1 02:30:00; 95400; eud_2; compressor_on_off; 0; turn off compressor
1 02:30:00; 95400; eud_2; power_msg; 0; POWER to gc_1
1 02:30:01; 95401; gc_1; ; None; Read MessageType.POWER from eud_2 with value 0
1 02:30:01; 95401; battery_1; SOC 0.37034444444444425, charge pref BatteryChargingPreference.NEUTRAL; None; battery load changed from -1000.0 to -500.0
1 03:00:00; 97200; battery_1; SOC 0.365347222222222, charge pref BatteryChargingPreference.NEUTRAL; None; unchanged charge preference
1 04:00:00; 100800; eud_1; brightness; 1.0; brightness changed to 1.0
1 05:20:00; 105600; battery_1; SOC 0.34201388888888845, charge pref BatteryChargingPreference.NEUTRAL; None; unchanged charge preference
1 05:40:00; 106800; eud_2; above_delta_threshold; 0.5383881876850225; temp: 18.538388187685023, setpoint: 18.0, above delta threshold
1 05:40:00; 106800; eud_2; compressor_on_off; 1; compressor_on
1 05:40:00; 106800; eud_2; power_msg; 500.0; POWER to gc_1
1 05:40:01; 106801; gc_1; ; None; Read MessageType.POWER from eud_2 with value 500.0
1 05:40:01; 106801; battery_1; SOC 0.3386777777777773, charge pref BatteryChargingPreference.NEUTRAL; None; battery load changed from -500.0 to -1000.0
1 06:00:00; 108000; eud_1; shut_down; 0; shut down eud_1
1 06:00:00; 108000; eud_1; power_msg; 0; POWER to gc_1
1 06:00:01; 108001; gc_1; ; None; Read MessageType.POWER from eud_1 with value 0
1 06:00:01; 108001; battery_1; SOC 0.33201111111111065, charge pref BatteryChargingPreference.NEUTRAL; None; battery load changed from -1000.0 to -500.0
1 06:20:00; 109200; eud_2; below_delta_threshold; -0.6096819069913622; temp: 17.390318093008638, setpoint: 18.0, below delta threshold
1 06:20:00; 109200; eud_2; compressor_on_off; 0; turn off compressor
1 06:20:00; 109200; eud_2; power_msg; 0; POWER to gc_1
1 06:20:01; 109201; gc_1; ; None; Read MessageType.POWER from eud_2 with value 0
1 06:20:01; 109201; battery_1; SOC 0.3286777777777773, charge pref BatteryChargingPreference.NEUTRAL; None; battery load changed from -500.0 to 0.0
1 07:40:00; 114000; battery_1; SOC 0.3286777777777773, charge pref BatteryChargingPreference.NEUTRAL; None; unchanged charge preference
1 07:40:00; 114000; pv_1; power_msg; -108.0; POWER to gc_1
1 07:40:01; 114001; gc_1; ; None; Read MessageType.POWER from pv_1 with value -108.0
1 07:40:01; 114001; battery_1; SOC 0.3286777777777773, charge pref BatteryChargingPreference.NEUTRAL; None; battery load changed from 0.0 to 108.0
1 07:50:00; 114600; pv_1; power_msg; -216.0; POWER to gc_1
1 07:50:01; 114601; gc_1; ; None; Read MessageType.POWER from pv_1 with value -216.0
1 07:50:01; 114601; battery_1; SOC 0.3290377777777773, charge pref BatteryChargingPreference.NEUTRAL; None; battery load changed from 108.0 to 216.0
1 08:00:00; 115200; utm_1; set sell price; 0.15; set sell price
1 08:00:00; 115200; utm_1; price message; 0.15; price msg to gc_1
1 08:00:00; 115200; eud_1; start_up; 1; start up eud_1
1 08:00:00; 115200; eud_1; power_msg; 500.0; POWER to gc_1
1 08:00:00; 115200; eud_1; brightness; 1.0; brightness changed to 1.0
1 08:00:00; 115200; eud_1; brightness; 1.0; brightness changed to 1.0
1 08:00:00; 115200; pv_1; power_msg; -306.0; POWER to gc_1
1 08:00:01; 115201; gc_1; ; None; Read MessageType.PRICE from utm_1 with value 0.15
1 08:00:01; 115201; gc_1; ; None; Read MessageType.POWER from eud_1 with value 500.0
1 08:00:01; 115201; battery_1; SOC 0.3297577777777773, charge pref BatteryChargingPreference.NEUTRAL; None; battery load changed from 216.0 to -284.0
1 08:00:01; 115201; gc_1; ; None; Read MessageType.POWER from pv_1 with value -306.0
1 08:00:01; 115201; battery_1; SOC 0.3297577777777773, charge pref BatteryChargingPreference.NEUTRAL; None; battery load changed from -284.0 to -194.0
1 08:10:00; 115800; pv_1; power_msg; -414.0; POWER to gc_1
1 08:10:01; 115801; gc_1; ; None; Read MessageType.POWER from pv_1 with value -414.0
1 08:10:01; 115801; battery_1; SOC 0.32911111111111063, charge pref BatteryChargingPreference.NEUTRAL; None; battery load changed from -194.0 to -86.0
1 08:20:00; 116400; pv_1; power_msg; -522.0; POWER to gc_1
1 08:20:01; 116401; gc_1; ; None; Read MessageType.POWER from pv_1 with value -522.0
1 08:20:01; 116401; battery_1; SOC 0.32882444444444403, charge pref BatteryChargingPreference.NEUTRAL; None; battery load changed from -86.0 to 22.0
1 08:30:00; 117000; pv_1; power_msg; -612.0; POWER to gc_1
1 08:30:01; 117001; gc_1; ; None; Read MessageType.POWER from pv_1 with value -612.0
1 08:30:01; 117001; battery_1; SOC 0.3288977777777774, charge pref BatteryChargingPreference.NEUTRAL; None; battery load changed from 22.0 to 112.0
1 08:40:00; 117600; pv_1; power_msg; -720.0; POWER to gc_1
1 08:40:00; 117600; eud_2; above_delta_threshold; 0.5826276183702568; temp: 18.582627618370257, setpoint: 18.0, above delta threshold
1 08:40:00; 117600; eud_2; compressor_on_off; 1; compressor_on
1 08:40:00; 117600; eud_2; power_msg; 500.0; POWER to gc_1
1 08:40:01; 117601; gc_1; ; None; Read MessageType.POWER from pv_1 with value -720.0
1 08:40:01; 117601; battery_1; SOC 0.32927111111111074, charge pref BatteryChargingPreference.NEUTRAL; None; battery load changed from 112.0 to 220.0
1 08:40:01; 117601; gc_1; ; None; Read MessageType.POWER from eud_2 with value 500.0
1 08:40:01; 117601; battery_1; SOC 0.32927111111111074, charge pref BatteryChargingPreference.NEUTRAL; None; battery load changed from 220.0 to -280.0
1 08:50:00; 118200; pv_1; power_msg; -810.0; POWER to gc_1
1 08:50:01; 118201; gc_1; ; None; Read MessageType.POWER from pv_1 with value -810.0
1 08:50:01; 118201; battery_1; SOC 0.3283377777777774, charge pref BatteryChargingPreference.NEUTRAL; None; battery load changed from -280.0 to -190.0
1 09:00:00; 118800; pv_1; power_msg; -900.0; POWER to gc_1
1 09:00:01; 118801; gc_1; ; None; Read MessageType.POWER from pv_1 with value -900.0
1 09:00:01; 118801; battery_1; SOC 0.327704444444444, charge pref BatteryChargingPreference.NEUTRAL; None; battery load changed from -190.0 to -100.0
1 09:10:00; 119400; pv_1; power_msg; -990.0000000000001; POWER to gc_1
1 09:10:01; 119401; gc_1; ; None; Read MessageType.POWER from pv_1 with value -990.0000000000001
1 09:10:01; 119401; battery_1; SOC 0.32737111111111067, charge pref BatteryChargingPreference.NEUTRAL; None; battery load changed from -100.0 to -9.999999999999886
1 09:20:00; 120000; pv_1; power_msg; -1080.0; POWER to gc_1
1 09:20:01; 120001; gc_1; ; None; Read MessageType.POWER from pv_1 with value -1080.0
1 09:20:01; 120001; battery_1; SOC 0.32733777777777734, charge pref BatteryChargingPreference.NEUTRAL; None; battery load changed from -9.999999999999886 to 80.0
1 09:30:00; 120600; pv_1; power_msg; -1152.0; POWER to gc_1
1 09:30:01; 120601; gc_1; ; None; Read MessageType.POWER from pv_1 with value -1152.0
1 09:30:01; 120601; battery_1; SOC 0.32760444444444403, charge pref BatteryChargingPreference.NEUTRAL; None; battery load changed from 80.0 to 152.0
1 09:40:00; 121200; pv_1; power_msg; -1242.0; POWER to gc_1
1 09:40:01; 121201; gc_1; ; None; Read MessageType.POWER from pv_1 with value -1242.0
1 09:40:01; 121201; battery_1; SOC 0.32811111111111063, charge pref BatteryChargingPreference.NEUTRAL; None; unchanged charge preference
1 09:40:01; 121201; battery_1; SOC 0.32811111111111063, charge pref BatteryChargingPreference.NEUTRAL; None; battery load changed from 152.0 to 242.0
1 09:50:00; 121800; pv_1; power_msg; -1314.0; POWER to gc_1
1 09:50:01; 121801; gc_1; ; None; Read MessageType.POWER from pv_1 with value -1314.0
1 09:50:01; 121801; battery_1; SOC 0.3289177777777773, charge pref BatteryChargingPreference.NEUTRAL; None; battery load changed from 242.0 to 314.0
1 10:00:00; 122400; eud_1; brightness; 1.0; brightness changed to 1.0
1 10:00:00; 122400; pv_1; power_msg; -1386.0; POWER to gc_1
1 10:00:00; 122400; eud_2; below_delta_threshold; -0.5286317223032171; temp: 17.471368277696783, setpoint: 18.0, below delta threshold
1 10:00:00; 122400; eud_2; compressor_on_off; 0; turn off compressor
1 10:00:00; 122400; eud_2; power_msg; 0; POWER to gc_1
1 10:00:01; 122401; gc_1; ; None; Read MessageType.POWER from pv_1 with value -1386.0
1 10:00:01; 122401; battery_1; SOC 0.32996444444444395, charge pref BatteryChargingPreference.NEUTRAL; None; battery load changed from 314.0 to 386.0
1 10:00:01; 122401; gc_1; ; None; Read MessageType.POWER from eud_2 with value 0
1 10:00:01; 122401; battery_1; SOC 0.32996444444444395, charge pref BatteryChargingPreference.NEUTRAL; None; battery load changed from 386.0 to 886.0
1 10:10:00; 123000; pv_1; power_msg; -1440.0; POWER to gc_1
1 10:10:01; 123001; gc_1; ; None; Read MessageType.POWER from pv_1 with value -1440.0
1 10:10:01; 123001; battery_1; SOC 0.3329177777777773, charge pref BatteryChargingPreference.NEUTRAL; None; battery load changed from 886.0 to 940.0
1 10:20:00; 123600; pv_1; power_msg; -1512.0; POWER to gc_1
1 10:20:01; 123601; gc_1; ; None; Read MessageType.POWER from pv_1 with value -1512.0
1 10:20:01; 123601; battery_1; SOC 0.33605111111111063, charge pref BatteryChargingPreference.NEUTRAL; None; battery load changed from 940.0 to 1000.0
1 10:20:01; 123601; gc_1; power_msg; -12.0; POWER to utm_1
1 10:20:02; 123602; utm_1; ; None; Read MessageType.POWER from gc_1 with value -12.0
1 10:30:00; 124200; pv_1; power_msg; -1566.0; POWER to gc_1
1 10:30:01; 124201; gc_1; ; None; Read MessageType.POWER from pv_1 with value -1566.0
1 10:30:01; 124201; battery_1; SOC 0.339384444444444, charge pref BatteryChargingPreference.NEUTRAL; None; battery load changed from 1000.0 to 1000.0
1 10:30:01; 124201; gc_1; power_msg; -66.0; POWER to utm_1
1 10:30:02; 124202; utm_1; ; None; Read MessageType.POWER from gc_1 with value -66.0
1 10:40:00; 124800; pv_1; power_msg; -1602.0; POWER to gc_1
1 10:40:01; 124801; gc_1; ; None; Read MessageType.POWER from pv_1 with value -1602.0
1 10:40:01; 124801; battery_1; SOC 0.3427177777777774, charge pref BatteryChargingPreference.NEUTRAL; None; battery load changed from 1000.0 to 1000.0
1 10:40:01; 124801; gc_1; power_msg; -102.0; POWER to utm_1
1 10:40:02; 124802; utm_1; ; None; Read MessageType.POWER from gc_1 with value -102.0
1 10:50:00; 125400; pv_1; power_msg; -1656.0; POWER to gc_1
1 10:50:00; 125400; eud_2; above_delta_threshold; 0.5713507583575961; temp: 18.571350758357596, setpoint: 18.0, above delta threshold
1 10:50:00; 125400; eud_2; compressor_on_off; 1; compressor_on
1 10:50:00; 125400; eud_2; power_msg; 500.0; POWER to gc_1
1 10:50:01; 125401; gc_1; ; None; Read MessageType.POWER from pv_1 with value -1656.0
1 10:50:01; 125401; battery_1; SOC 0.34605111111111075, charge pref BatteryChargingPreference.NEUTRAL; None; battery load changed from 1000.0 to 1000.0
1 10:50:01; 125401; gc_1; power_msg; -156.0; POWER to utm_1
1 10:50:01; 125401; gc_1; ; None; Read MessageType.POWER from eud_2 with value 500.0
1 10:50:01; 125401; gc_1; power_msg; 0; POWER to utm_1
1 10:50:01; 125401; battery_1; SOC 0.34605111111111075, charge pref BatteryChargingPreference.NEUTRAL; None; battery load changed from 1000.0 to 656.0
1 10:50:02; 125402; utm_1; ; None; Read MessageType.POWER from gc_1 with value -156.0
1 10:50:02; 125402; utm_1; ; None; Read MessageType.POWER from gc_1 with value 0
1 11:00:00; 126000; pv_1; power_msg; -1692.0; POWER to gc_1
1 11:00:01; 126001; gc_1; ; None; Read MessageType.POWER from pv_1 with value -1692.0
1 11:00:01; 126001; battery_1; SOC 0.34823777777777737, charge pref BatteryChargingPreference.NEUTRAL; None; battery load changed from 656.0 to 692.0
1 11:10:00; 126600; pv_1; power_msg; -1728.0; POWER to gc_1
1 11:10:01; 126601; gc_1; ; None; Read MessageType.POWER from pv_1 with value -1728.0
1 11:10:01; 126601; battery_1; SOC 0.350544444444444, charge pref BatteryChargingPreference.NEUTRAL; None; battery load changed from 692.0 to 728.0
1 11:20:00; 127200; pv_1; power_msg; -1746.0; POWER to gc_1
1 11:20:01; 127201; gc_1; ; None; Read MessageType.POWER from pv_1 with value -1746.0
1 11:20:01; 127201; battery_1; SOC 0.3529711111111107, charge pref BatteryChargingPreference.NEUTRAL; None; battery load changed from 728.0 to 746.0
1 11:30:00; 127800; pv_1; power_msg; -1764.0; POWER to gc_1
1 11:30:01; 127801; gc_1; ; None; Read MessageType.POWER from pv_1 with value -1764.0
1 11:30:01; 127801; battery_1; SOC 0.3554577777777773, charge pref BatteryChargingPreference.NEUTRAL; None; battery load changed from 746.0 to 764.0
1 11:40:00; 128400; pv_1; power_msg; -1782.0; POWER to gc_1
1 11:40:01; 128401; gc_1; ; None; Read MessageType.POWER from pv_1 with value -1782.0
1 11:40:01; 128401; battery_1; SOC 0.35800444444444396, charge pref BatteryChargingPreference.NEUTRAL; None; battery load changed from 764.0 to 782.0
1 11:50:00; 129000; pv_1; power_msg; -1800.0; POWER to gc_1
1 11:50:01; 129001; gc_1; ; None; Read MessageType.POWER from pv_1 with value -1800.0
1 11:50:01; 129001; battery_1; SOC 0.3606111111111106, charge pref BatteryChargingPreference.NEUTRAL; None; unchanged charge preference
1 11:50:01; 129001; battery_1; SOC 0.3606111111111106, charge pref BatteryChargingPreference.NEUTRAL; None; battery load changed from 782.0 to 800.0
1 12:00:00; 129600; eud_1; brightness; 1.0; brightness changed to 1.0
1 12:20:00; 130800; pv_1; power_msg; -1782.0; POWER to gc_1
1 12:20:01; 130801; gc_1; ; None; Read MessageType.POWER from pv_1 with value -1782.0
1 12:20:01; 130801; battery_1; SOC 0.3686111111111106, charge pref BatteryChargingPreference.NEUTRAL; None; battery load changed from 800.0 to 782.0
1 12:30:00; 131400; pv_1; power_msg; -1764.0; POWER to gc_1
1 12:30:01; 131401; gc_1; ; None; Read MessageType.POWER from pv_1 with value -1764.0
1 12:30:01; 131401; battery_1; SOC 0.3712177777777772, charge pref BatteryChargingPreference.NEUTRAL; None; battery load changed from 782.0 to 764.0
1 12:40:00; 132000; pv_1; power_msg; -1746.0; POWER to gc_1
1 12:40:01; 132001; gc_1; ; None; Read MessageType.POWER from pv_1 with value -1746.0
1 12:40:01; 132001; battery_1; SOC 0.37376444444444384, charge pref BatteryChargingPreference.NEUTRAL; None; battery load changed from 764.0 to 746.0
1 12:50:00; 132600; pv_1; power_msg; -1728.0; POWER to gc_1
1 12:50:01; 132601; gc_1; ; None; Read MessageType.POWER from pv_1 with value -1728.0
1 12:50:01; 132601; battery_1; SOC 0.37625111111111054, charge pref BatteryChargingPreference.NEUTRAL; None; battery load changed from 746.0 to 728.0
1 13:00:00; 133200; pv_1; power_msg; -1692.0; POWER to gc_1
1 13:00:00; 133200; eud_2; below_delta_threshold; -0.5434008821423397; temp: 17.45659911785766, setpoint: 18.0, below delta threshold
1 13:00:00; 133200; eud_2; compressor_on_off; 0; turn off compressor
1 13:00:00; 133200; eud_2; power_msg; 0; POWER to gc_1
1 13:00:01; 133201; gc_1; ; None; Read MessageType.POWER from pv_1 with value -1692.0
1 13:00:01; 133201; battery_1; SOC 0.37867777777777717, charge pref BatteryChargingPreference.NEUTRAL; None; battery load changed from 728.0 to 692.0
1 13:00:01; 133201; gc_1; ; None; Read MessageType.POWER from eud_2 with value 0
1 13:00:01; 133201; battery_1; SOC 0.37867777777777717, charge pref BatteryChargingPreference.NEUTRAL; None; battery load changed from 692.0 to 1000.0
1 13:00:01; 133201; gc_1; power_msg; -192.0; POWER to utm_1
1 13:00:02; 133202; utm_1; ; None; Read MessageType.POWER from gc_1 with value -192.0
1 13:10:00; 133800; pv_1; power_msg; -1656.0; POWER to gc_1
1 13:10:01; 133801; gc_1; ; None; Read MessageType.POWER from pv_1 with value -1656.0
1 13:10:01; 133801; gc_1; power_msg; -156.0; POWER to utm_1
1 13:10:02; 133802; utm_1; ; None; Read MessageType.POWER from gc_1 with value -156.0
1 13:20:00; 134400; pv_1; power_msg; -1602.0; POWER to gc_1
1 13:20:01; 134401; gc_1; ; None; Read MessageType.POWER from pv_1 with value -1602.0
1 13:20:01; 134401; gc_1; power_msg; -102.0; POWER to utm_1
1 13:20:02; 134402; utm_1; ; None; Read MessageType.POWER from gc_1 with value -102.0
1 13:30:00; 135000; pv_1; power_msg; -1566.0; POWER to gc_1
1 13:30:01; 135001; gc_1; ; None; Read MessageType.POWER from pv_1 with value -1566.0
1 13:30:01; 135001; gc_1; power_msg; -66.0; POWER to utm_1
1 13:30:02; 135002; utm_1; ; None; Read MessageType.POWER from gc_1 with value -66.0
1 13:40:00; 135600; pv_1; power_msg; -1512.0; POWER to gc_1
1 13:40:00; 135600; eud_2; above_delta_threshold; 0.5056484689685803; temp: 18.50564846896858, setpoint: 18.0, above delta threshold
1 13:40:00; 135600; eud_2; compressor_on_off; 1; compressor_on
1 13:40:00; 135600; eud_2; power_msg; 500.0; POWER to gc_1
1 13:40:01; 135601; gc_1; ; None; Read MessageType.POWER from pv_1 with value -1512.0
1 13:40:01; 135601; gc_1; power_msg; -12.0; POWER to utm_1
1 13:40:01; 135601; gc_1; ; None; Read MessageType.POWER from eud_2 with value 500.0
1 13:40:01; 135601; gc_1; power_msg; 0; POWER to utm_1
1 13:40:01; 135601; battery_1; SOC 0.3920111111111104, charge pref BatteryChargingPreference.NEUTRAL; None; battery load changed from 1000.0 to 512.0
1 13:40:02; 135602; utm_1; ; None; Read MessageType.POWER from gc_1 with value -12.0
1 13:40:02; 135602; utm_1; ; None; Read MessageType.POWER from gc_1 with value 0
1 13:50:00; 136200; pv_1; power_msg; -1440.0; POWER to gc_1
1 13:50:01; 136201; gc_1; ; None; Read MessageType.POWER from pv_1 with value -1440.0
1 13:50:01; 136201; battery_1; SOC 0.39371777777777706, charge pref BatteryChargingPreference.NEUTRAL; None; battery load changed from 512.0 to 440.0
1 14:00:00; 136800; eud_1; brightness; 1.0; brightness changed to 1.0
1 14:00:00; 136800; pv_1; power_msg; -1386.0; POWER to gc_1
1 14:00:00; 136800; battery_1; SOC 0.3951819999999993, charge pref BatteryChargingPreference.NEUTRAL; None; unchanged charge preference
1 14:00:01; 136801; gc_1; ; None; Read MessageType.POWER from pv_1 with value -1386.0
1 14:00:01; 136801; battery_1; SOC 0.3951844444444437, charge pref BatteryChargingPreference.NEUTRAL; None; battery load changed from 440.0 to 386.0
1 14:10:00; 137400; pv_1; power_msg; -1314.0; POWER to gc_1
1 14:10:01; 137401; gc_1; ; None; Read MessageType.POWER from pv_1 with value -1314.0
1 14:10:01; 137401; battery_1; SOC 0.3964711111111104, charge pref BatteryChargingPreference.NEUTRAL; None; battery load changed from 386.0 to 314.0
1 14:20:00; 138000; pv_1; power_msg; -1242.0; POWER to gc_1
1 14:20:01; 138001; gc_1; ; None; Read MessageType.POWER from pv_1 with value -1242.0
1 14:20:01; 138001; battery_1; SOC 0.397517777777777, charge pref BatteryChargingPreference.NEUTRAL; None; battery load changed from 314.0 to 242.0
1 14:30:00; 138600; pv_1; power_msg; -1152.0; POWER to gc_1
1 14:30:01; 138601; gc_1; ; None; Read MessageType.POWER from pv_1 with value -1152.0
1 14:30:01; 138601; battery_1; SOC 0.39832444444444365, charge pref BatteryChargingPreference.NEUTRAL; None; battery load changed from 242.0 to 152.0
1 14:40:00; 139200; pv_1; power_msg; -1080.0; POWER to gc_1
1 14:40:01; 139201; gc_1; ; None; Read MessageType.POWER from pv_1 with value -1080.0
1 14:40:01; 139201; battery_1; SOC 0.3988311111111103, charge pref BatteryChargingPreference.NEUTRAL; None; battery load changed from 152.0 to 80.0
1 14:50:00; 139800; pv_1; power_msg; -990.0000000000001; POWER to gc_1
1 14:50:01; 139801; gc_1; ; None; Read MessageType.POWER from pv_1 with value -990.0000000000001
1 14:50:01; 139801; battery_1; SOC 0.39909777777777694, charge pref BatteryChargingPreference.NEUTRAL; None; battery load changed from 80.0 to -9.999999999999886
1 15:00:00; 140400; pv_1; power_msg; -900.0; POWER to gc_1
1 15:00:01; 140401; gc_1; ; None; Read MessageType.POWER from pv_1 with value -900.0
1 15:00:01; 140401; battery_1; SOC 0.39906444444444356, charge pref BatteryChargingPreference.NEUTRAL; None; battery load changed from -9.999999999999886 to -100.0
1 15:10:00; 141000; pv_1; power_msg; -810.0; POWER to gc_1
1 15:10:01; 141001; gc_1; ; None; Read MessageType.POWER from pv_1 with value -810.0
1 15:10:01; 141001; battery_1; SOC 0.3987311111111102, charge pref BatteryChargingPreference.NEUTRAL; None; battery load changed from -100.0 to -190.0
1 15:20:00; 141600; pv_1; power_msg; -720.0; POWER to gc_1
1 15:20:01; 141601; gc_1; ; None; Read MessageType.POWER from pv_1 with value -720.0
1 15:20:01; 141601; battery_1; SOC 0.3980977777777769, charge pref BatteryChargingPreference.NEUTRAL; None; battery load changed from -190.0 to -280.0
1 15:30:00; 142200; pv_1; power_msg; -612.0; POWER to gc_1
1 15:30:01; 142201; gc_1; ; None; Read MessageType.POWER from pv_1 with value -612.0
1 15:30:01; 142201; battery_1; SOC 0.3971644444444435, charge pref BatteryChargingPreference.NEUTRAL; None; battery load changed from -280.0 to -388.0
1 15:40:00; 142800; pv_1; power_msg; -522.0; POWER to gc_1
1 15:40:01; 142801; gc_1; ; None; Read MessageType.POWER from pv_1 with value -522.0
1 15:40:01; 142801; battery_1; SOC 0.3958711111111102, charge pref BatteryChargingPreference.NEUTRAL; None; battery load changed from -388.0 to -478.0
1 15:50:00; 143400; pv_1; power_msg; -414.0; POWER to gc_1
1 15:50:01; 143401; gc_1; ; None; Read MessageType.POWER from pv_1 with value -414.0
1 15:50:01; 143401; battery_1; SOC 0.3942777777777768, charge pref BatteryChargingPreference.NEUTRAL; None; battery load changed from -478.0 to -586.0
1 16:00:00; 144000; eud_1; brightness; 1.0; brightness changed to 1.0
1 16:00:00; 144000; pv_1; power_msg; -306.0; POWER to gc_1
1 16:00:01; 144001; gc_1; ; None; Read MessageType.POWER from pv_1 with value -306.0
1 16:00:01; 144001; battery_1; SOC 0.3923244444444434, charge pref BatteryChargingPreference.NEUTRAL; None; unchanged charge preference
1 16:00:01; 144001; battery_1; SOC 0.3923244444444434, charge pref BatteryChargingPreference.NEUTRAL; None; battery load changed from -586.0 to -694.0
1 16:10:00; 144600; pv_1; power_msg; -216.0; POWER to gc_1
1 16:10:01; 144601; gc_1; ; None; Read MessageType.POWER from pv_1 with value -216.0
1 16:10:01; 144601; battery_1; SOC 0.3900111111111101, charge pref BatteryChargingPreference.NEUTRAL; None; battery load changed from -694.0 to -784.0
1 16:20:00; 145200; pv_1; power_msg; -108.0; POWER to gc_1
1 16:20:01; 145201; gc_1; ; None; Read MessageType.POWER from pv_1 with value -108.0
1 16:20:01; 145201; battery_1; SOC 0.3873977777777768, charge pref BatteryChargingPreference.NEUTRAL; None; battery load changed from -784.0 to -892.0
1 16:30:00; 145800; pv_1; power_msg; -0.0; POWER to gc_1
1 16:30:01; 145801; gc_1; ; None; Read MessageType.POWER from pv_1 with value -0.0
1 16:30:01; 145801; battery_1; SOC 0.38442444444444346, charge pref BatteryChargingPreference.NEUTRAL; None; battery load changed from -892.0 to -1000.0
1 16:50:00; 147000; eud_2; below_delta_threshold; -0.5032369012325688; temp: 17.49676309876743, setpoint: 18.0, below delta threshold
1 16:50:00; 147000; eud_2; compressor_on_off; 0; turn off compressor
1 16:50:00; 147000; eud_2; power_msg; 0; POWER to gc_1
1 16:50:01; 147001; gc_1; ; None; Read MessageType.POWER from eud_2 with value 0
1 16:50:01; 147001; battery_1; SOC 0.3777577777777767, charge pref BatteryChargingPreference.NEUTRAL; None; battery load changed from -1000.0 to -500.0
1 17:30:00; 149400; eud_2; above_delta_threshold; 0.570725308568953; temp: 18.570725308568953, setpoint: 18.0, above delta threshold
1 17:30:00; 149400; eud_2; compressor_on_off; 1; compressor_on
1 17:30:00; 149400; eud_2; power_msg; 500.0; POWER to gc_1
1 17:30:01; 149401; gc_1; ; None; Read MessageType.POWER from eud_2 with value 500.0
1 17:30:01; 149401; battery_1; SOC 0.37109111111111, charge pref BatteryChargingPreference.NEUTRAL; None; battery load changed from -500.0 to -1000.0
1 18:00:00; 151200; utm_1; set sell price; 0.05; set sell price
1 18:00:00; 151200; utm_1; price message; 0.05; price msg to gc_1
1 18:00:00; 151200; eud_1; shut_down; 0; shut down eud_1
1 18:00:00; 151200; eud_1; power_msg; 0; POWER to gc_1
1 18:00:01; 151201; gc_1; ; None; Read MessageType.PRICE from utm_1 with value 0.05
1 18:00:01; 151201; gc_1; ; None; Read MessageType.POWER from eud_1 with value 0
1 18:00:01; 151201; battery_1; SOC 0.36109111111111003, charge pref BatteryChargingPreference.NEUTRAL; None; battery load changed from -1000.0 to -500.0
1 18:20:00; 152400; battery_1; SOC 0.35776055555555447, charge pref BatteryChargingPreference.NEUTRAL; None; unchanged charge preference
1 19:00:00; 154800; eud_2; below_delta_threshold; -0.5063584474178846; temp: 17.493641552582115, setpoint: 18.0, below delta threshold
1 19:00:00; 154800; eud_2; compressor_on_off; 0; turn off compressor
1 19:00:00; 154800; eud_2; power_msg; 0; POWER to gc_1
1 19:00:01; 154801; gc_1; ; None; Read MessageType.POWER from eud_2 with value 0
1 19:00:01; 154801; battery_1; SOC 0.3510911111111099, charge pref BatteryChargingPreference.NEUTRAL; None; battery load changed from -500.0 to 0.0
1 20:10:00; 159000; eud_2; above_delta_threshold; 0.5021520546032399; temp: 18.50215205460324, setpoint: 18.0, above delta threshold
1 20:10:00; 159000; eud_2; compressor_on_off; 1; compressor_on
1 20:10:00; 159000; eud_2; power_msg; 500.0; POWER to gc_1
1 20:10:01; 159001; gc_1; ; None; Read MessageType.POWER from eud_2 with value 500.0
1 20:10:01; 159001; battery_1; SOC 0.3510911111111099, charge pref BatteryChargingPreference.NEUTRAL; None; battery load changed from 0.0 to -500.0
1 20:40:00; 160800; battery_1; SOC 0.34609388888888765, charge pref BatteryChargingPreference.NEUTRAL; None; unchanged charge preference
1 21:00:00; 162000; eud_2; below_delta_threshold; -0.560942659163878; temp: 17.439057340836122, setpoint: 18.0, below delta threshold
1 21:00:00; 162000; eud_2; compressor_on_off; 0; turn off compressor
1 21:00:00; 162000; eud_2; power_msg; 0; POWER to gc_1
1 21:00:01; 162001; gc_1; ; None; Read MessageType.POWER from eud_2 with value 0
1 21:00:01; 162001; battery_1; SOC 0.3427577777777765, charge pref BatteryChargingPreference.NEUTRAL; None; battery load changed from -500.0 to 0.0
1 22:50:00; 168600; eud_2; above_delta_threshold; 0.5246166174119828; temp: 18.524616617411983, setpoint: 18.0, above delta threshold
1 22:50:00; 168600; eud_2; compressor_on_off; 1; compressor_on
1 22:50:00; 168600; eud_2; power_msg; 500.0; POWER to gc_1
1 22:50:01; 168601; gc_1; ; None; Read MessageType.POWER from eud_2 with value 500.0
1 22:50:01; 168601; battery_1; SOC 0.3427577777777765, charge pref BatteryChargingPreference.NEUTRAL; None; unchanged charge preference
1 22:50:01; 168601; battery_1; SOC 0.3427577777777765, charge pref BatteryChargingPreference.NEUTRAL; None; battery load changed from 0.0 to -500.0
1 23:40:00; 171600; eud_2; below_delta_threshold; -0.728832639804164; temp: 17.271167360195836, setpoint: 18.0, below delta threshold
1 23:40:00; 171600; eud_2; compressor_on_off; 0; turn off compressor
1 23:40:00; 171600; eud_2; power_msg; 0; POWER to gc_1
1 23:40:01; 171601; gc_1; ; None; Read MessageType.POWER from eud_2 with value 0
1 23:40:01; 171601; battery_1; SOC 0.3344244444444431, charge pref BatteryChargingPreference.NEUTRAL; None; battery load changed from -500.0 to 0.0
2 00:00:00; 172800; gc_1; power calcs; 28918.777777777796; sum Wh out
2 00:00:00; 172800; gc_1; power calcs; 20640.0; sum Wh in
2 00:00:00; 172800; gc_1; power_calcs; 7390.333333333334; battery sum charge Wh
2 00:00:00; 172800; gc_1; power_calcs; 15669.111111111095; battery sum discharge Wh
2 00:00:00; 172800; gc_1; valid_calcs; True; valid power balance: True
2 00:00:00; 172800; utm_1; power calcs; 0.0; sum Wh out
2 00:00:00; 172800; utm_1; power calcs; 336.0; sum Wh in
2 00:00:00; 172800; pv_1; power calcs; 20640.0; sum Wh out
2 00:00:00; 172800; pv_1; power calcs; 0.0; sum Wh in
2 00:00:00; 172800; eud_1; power calcs; 0.0; sum Wh out
2 00:00:00; 172800; eud_1; power calcs; 15999.722222222223; sum Wh in
2 00:00:00; 172800; eud_2; power calcs; 0.0; sum Wh out
2 00:00:00; 172800; eud_2; power calcs; 12583.055555555555; sum Wh in
total simulation power in: 49558.777777777774 Wh
total simulation power out: 49558.777777777796 Wh
