2017-10-15T20:34:10.051594-07:00
discharge_multiday_utm_multiple_prices.json
Override values: devices.gc_1.battery_1.starting_soc=0

0 00:00:00; 0; gc_1; ; None; initialize gc_1 - grid_controller
0 00:00:00; 0; utm_1; ; None; initialize utm_1 - Utility Meter
0 00:00:01; 1; eud_1; ; None; initialize eud_1 - light
0 00:00:00; 0; gc_1; ; None; registered utm_1
0 00:00:00; 0; utm_1; ; None; registered gc_1
0 00:00:00; 0; gc_1; ; None; registered eud_1
0 00:00:01; 1; eud_1; ; None; registered gc_1
current average price: 0.1
0 00:00:00; 0; utm_1; turn_on; 1; Turning on utility meter
0 00:00:00; 0; utm_1; set sell price; 0.1; set sell price
0 00:00:00; 0; utm_1; price message; 0.1; price msg to gc_1
0 00:00:01; 1; gc_1; ; None; Read MessageType.PRICE from utm_1 with value 0.1
current average price: 0.1
0 00:20:00; 1200; battery_1; SOC 0.0, charge pref BatteryChargingPreference.CHARGE; None; changed from BatteryChargingPreference.NEUTRAL
current average price: 0.10000000000000002
current average price: 0.1
0 02:20:00; 8400; battery_1; SOC 0.0, charge pref BatteryChargingPreference.CHARGE; None; unchanged charge preference
current average price: 0.1
current average price: 0.1
0 04:40:00; 16800; battery_1; SOC 0.0, charge pref BatteryChargingPreference.CHARGE; None; unchanged charge preference
current average price: 0.1
current average price: 0.1
current average price: 0.1
0 07:00:00; 25200; battery_1; SOC 0.0, charge pref BatteryChargingPreference.CHARGE; None; unchanged charge preference
0 08:00:00; 28800; utm_1; set sell price; 0.15; set sell price
0 08:00:00; 28800; utm_1; price message; 0.15; price msg to gc_1
current average price: 0.1
0 08:00:01; 28801; gc_1; ; None; Read MessageType.PRICE from utm_1 with value 0.15
current average price: 0.09999999999999999
current average price: 0.1
0 09:20:00; 33600; battery_1; SOC 0.0, charge pref BatteryChargingPreference.CHARGE; None; unchanged charge preference
current average price: 0.1
current average price: 0.1
0 11:40:00; 42000; battery_1; SOC 0.0, charge pref BatteryChargingPreference.CHARGE; None; unchanged charge preference
current average price: 0.1
current average price: 0.1
current average price: 0.1
0 14:00:00; 50400; battery_1; SOC 0.0, charge pref BatteryChargingPreference.CHARGE; None; unchanged charge preference
current average price: 0.1
current average price: 0.1
0 16:20:00; 58800; battery_1; SOC 0.0, charge pref BatteryChargingPreference.CHARGE; None; unchanged charge preference
current average price: 0.1
0 18:00:00; 64800; utm_1; set sell price; 0.05; set sell price
0 18:00:00; 64800; utm_1; price message; 0.05; price msg to gc_1
current average price: 0.1
0 18:00:01; 64801; gc_1; ; None; Read MessageType.PRICE from utm_1 with value 0.05
current average price: 0.1
0 18:40:00; 67200; battery_1; SOC 0.0, charge pref BatteryChargingPreference.CHARGE; None; unchanged charge preference
current average price: 0.1
current average price: 0.1
current average price: 0.1
0 21:00:00; 75600; battery_1; SOC 0.0, charge pref BatteryChargingPreference.CHARGE; None; unchanged charge preference
current average price: 0.1
current average price: 0.1
0 23:20:00; 84000; battery_1; SOC 0.0, charge pref BatteryChargingPreference.CHARGE; None; unchanged charge preference
1 00:00:00; 86400; utm_1; set sell price; 0.1; set sell price
1 00:00:00; 86400; utm_1; price message; 0.1; price msg to gc_1
current average price: 0.1
1 00:00:01; 86401; gc_1; ; None; Read MessageType.PRICE from utm_1 with value 0.1
current average price: 0.1
current average price: 0.1
1 01:40:00; 92400; battery_1; SOC 0.0, charge pref BatteryChargingPreference.CHARGE; None; unchanged charge preference
current average price: 0.1
current average price: 0.1
current average price: 0.1
1 04:00:00; 100800; battery_1; SOC 0.0, charge pref BatteryChargingPreference.CHARGE; None; unchanged charge preference
current average price: 0.1
current average price: 0.1
1 06:20:00; 109200; battery_1; SOC 0.0, charge pref BatteryChargingPreference.CHARGE; None; unchanged charge preference
current average price: 0.1
1 08:00:00; 115200; utm_1; set sell price; 0.15; set sell price
1 08:00:00; 115200; utm_1; price message; 0.15; price msg to gc_1
current average price: 0.1
1 08:00:01; 115201; gc_1; ; None; Read MessageType.PRICE from utm_1 with value 0.15
current average price: 0.1
1 08:40:00; 117600; battery_1; SOC 0.0, charge pref BatteryChargingPreference.CHARGE; None; unchanged charge preference
current average price: 0.1
current average price: 0.1
current average price: 0.1
1 11:00:00; 126000; battery_1; SOC 0.0, charge pref BatteryChargingPreference.CHARGE; None; unchanged charge preference
current average price: 0.1
current average price: 0.1
1 13:20:00; 134400; battery_1; SOC 0.0, charge pref BatteryChargingPreference.CHARGE; None; unchanged charge preference
current average price: 0.1
current average price: 0.1
1 15:40:00; 142800; battery_1; SOC 0.0, charge pref BatteryChargingPreference.CHARGE; None; unchanged charge preference
current average price: 0.1
current average price: 0.1
1 18:00:00; 151200; utm_1; set sell price; 0.05; set sell price
1 18:00:00; 151200; utm_1; price message; 0.05; price msg to gc_1
current average price: 0.1
1 18:00:00; 151200; battery_1; SOC 0.0, charge pref BatteryChargingPreference.CHARGE; None; unchanged charge preference
1 18:00:01; 151201; gc_1; ; None; Read MessageType.PRICE from utm_1 with value 0.05
current average price: 0.1
current average price: 0.1
current average price: 0.1
1 20:20:00; 159600; battery_1; SOC 0.0, charge pref BatteryChargingPreference.CHARGE; None; unchanged charge preference
current average price: 0.1
current average price: 0.1
1 22:40:00; 168000; battery_1; SOC 0.0, charge pref BatteryChargingPreference.CHARGE; None; unchanged charge preference
current average price: 0.1
2 00:00:00; 172800; gc_1; power calcs; 0.0; sum Wh out
2 00:00:00; 172800; gc_1; power calcs; 0.0; sum Wh in
2 00:00:00; 172800; gc_1; power_calcs; 0.0; battery sum charge Wh
2 00:00:00; 172800; gc_1; power_calcs; 0.0; battery sum discharge Wh
2 00:00:00; 172800; utm_1; power calcs; 0.0; sum Wh out
2 00:00:00; 172800; utm_1; power calcs; 0.0; sum Wh in
2 00:00:00; 172800; eud_1; power calcs; 0.0; sum Wh out
2 00:00:00; 172800; eud_1; power calcs; 0.0; sum Wh in
