2017-11-09T17:50:50.299069-08:00
scenario_B1_new.json

0 00:00:00; 0; gc_1; ; None; initialize gc_1 - grid_controller
0 00:00:00; 0; utm_1; ; None; initialize utm_1 - Utility Meter
0 00:00:00; 0; pv_1; ; None; initialize pv_1 - pv
0 00:00:00; 0; eud_1; ; None; initialize eud_1 - air_conditioner
0 00:00:00; 0; eud_2; ; None; initialize eud_2 - air_conditioner
0 00:00:00; 0; eud_3; ; None; initialize eud_3 - light
0 00:00:00; 0; eud_4; ; None; initialize eud_4 - light
0 00:00:00; 0; fx_1; ; None; initialize fx_1 - fixed_consumption
0 00:00:00; 0; gc_1; ; None; registered utm_1
0 00:00:00; 0; utm_1; ; None; registered gc_1
0 00:00:00; 0; gc_1; ; None; registered eud_1
0 00:00:00; 0; eud_1; ; None; registered gc_1
0 00:00:00; 0; gc_1; ; None; registered eud_2
0 00:00:00; 0; eud_2; ; None; registered gc_1
0 00:00:00; 0; gc_1; ; None; registered eud_3
0 00:00:00; 0; eud_3; ; None; registered gc_1
0 00:00:00; 0; gc_1; ; None; registered eud_4
0 00:00:00; 0; eud_4; ; None; registered gc_1
0 00:00:00; 0; gc_1; ; None; registered fx_1
0 00:00:00; 0; fx_1; ; None; registered gc_1
0 00:00:00; 0; gc_1; ; None; registered pv_1
0 00:00:00; 0; pv_1; ; None; registered gc_1
0 00:00:00; 0; utm_1; turn_on; 1; Turning on utility meter
0 00:00:00; 0; utm_1; set sell price; 0.1; set sell price
0 00:00:00; 0; utm_1; price message; sell 0.1, buy 0; price msg to gc_1
0 00:00:00; 0; utm_1; set buy price; 0.05; set buy price
0 00:00:00; 0; utm_1; price message; sell 0.1, buy 0.05; price msg to gc_1
0 00:00:00; 0; eud_1; start_up; 1; start up eud_1
