2017-09-01
scenario_A_basic_discharge_only.json
Custom arguments: trickle_power=900, eud_request=1000.

0 00:00:00; 0; gc_1; ; None; initialized device #gc_1 - Grid Controller
0 00:00:00; 0; utm_1; ; None; initialized device #utm_1 - Utility Meter
0 00:00:00; 0; eud_1; ; None; initialized device #eud_1 - light
0 00:00:00; 0; gc_1; ; None; Registered device: utm_1
0 00:00:00; 0; utm_1; ; None; Registered device: gc_1
0 00:00:00; 0; gc_1; ; None; Registered device: eud_1
0 00:00:00; 0; eud_1; ; None; Registered device: gc_1
0 00:00:00; 0; utm_1; turn_on; 1; Turning on utility meter
0 00:00:00; 0; eud_1; turn on; 1; turn on device eud_1
0 00:00:00; 0; eud_1; request message; 1000.0; Send request message to gc_1
0 00:00:00; 0; gc_1; ; None; Read message of type MessageType.REQUEST received from eud_1 with value 1000.0
0 00:00:00; 0; gc_1; allocate message; -900; allocate msg to eud_1
0 00:00:00; 0; eud_1; ; None; Read message of type MessageType.ALLOCATE received from gc_1 with value -900
0 00:00:00; 0; eud_1; power message; 900; Send power message to gc_1
0 00:00:00; 0; gc_1; ; None; Read message of type MessageType.POWER received from eud_1 with value 900
0 06:00:00; 21600; eud_1; turn off; 0; turn off device eud_1
0 06:00:00; 21600; eud_1; power message; 0; Send power message to gc_1
0 06:00:00; 21600; gc_1; ; None; Read message of type MessageType.POWER received from eud_1 with value 0
0 06:00:00; 21600; battery_1; current soc : 0.365, current charge pref: BatteryChargingPreference.NEUTRAL; 0; charging preference changed to BatteryChargingPreference.NEUTRAL
0 08:00:00; 28800; eud_1; turn on; 1; turn on device eud_1
0 08:00:00; 28800; eud_1; power message; 900; Send power message to gc_1
0 08:00:00; 28800; gc_1; ; None; Read message of type MessageType.POWER received from eud_1 with value 900
0 08:00:00; 28800; battery_1; current soc : 0.365, current charge pref: BatteryChargingPreference.NEUTRAL; 0; charging preference changed to BatteryChargingPreference.NEUTRAL
0 18:00:00; 64800; eud_1; turn off; 0; turn off device eud_1
0 18:00:00; 64800; eud_1; power message; 0; Send power message to gc_1
0 18:00:00; 64800; gc_1; ; None; Read message of type MessageType.POWER received from eud_1 with value 0
0 18:00:00; 64800; battery_1; current soc : 0.14, current charge pref: BatteryChargingPreference.CHARGE; 1; charging preference changed to BatteryChargingPreference.CHARGE
1 00:00:00; 86400; gc_1; sum_wh_out; 14400.0; sum wh out for device gc_1
1 00:00:00; 86400; gc_1; sum_wh_in; 0.0; sum wh in for device gc_1
1 00:00:00; 86400; gc_1; battery sum charge wh; 0.0; battery sum charge wh
1 00:00:00; 86400; gc_1; battery sum discharge wh; 14400.0; battery sum discharge wh
1 00:00:00; 86400; utm_1; sum_wh_out; 0.0; sum wh out for device utm_1
1 00:00:00; 86400; utm_1; sum_wh_in; 0.0; sum wh in for device utm_1
1 00:00:00; 86400; eud_1; sum_wh_out; 0.0; sum wh out for device eud_1
1 00:00:00; 86400; eud_1; sum_wh_in; 14400.0; sum wh in for device eud_1
