2017-10-21T23:29:48.971565-07:00
pv_scenario_1.json

0 00:00:00; 0; gc_1; ; None; initialize gc_1 - grid_controller
0 00:00:00; 0; utm_1; ; None; initialize utm_1 - Utility Meter
0 00:00:00; 0; pv_1; ; None; initialize pv_1 - pv
0 00:00:00; 0; eud_1; ; None; initialize eud_1 - light
0 00:00:00; 0; gc_1; ; None; registered utm_1
0 00:00:00; 0; utm_1; ; None; registered gc_1
0 00:00:00; 0; gc_1; ; None; registered eud_1
0 00:00:00; 0; eud_1; ; None; registered gc_1
0 00:00:00; 0; gc_1; ; None; registered pv_1
0 00:00:00; 0; pv_1; ; None; registered gc_1
0 00:00:00; 0; utm_1; turn_on; 1; Turning on utility meter
0 00:00:00; 0; utm_1; set sell price; 0.1; set sell price
0 00:00:00; 0; utm_1; price message; 0.1; price msg to gc_1
0 00:00:00; 0; eud_1; start_up; 1; start up eud_1
0 00:00:00; 0; eud_1; request_msg; 500.0; REQUEST to gc_1
0 00:00:00; 0; eud_1; brightness; 0.0; brightness changed to 0.0
0 00:00:01; 1; gc_1; ; None; Read MessageType.PRICE from utm_1 with value 0.1
0 00:00:01; 1; gc_1; ; None; Read MessageType.REQUEST from eud_1 with value 500.0
0 00:00:01; 1; gc_1; allocate_msg; -500.0; ALLOCATE to eud_1
0 00:00:02; 2; eud_1; ; None; Read MessageType.ALLOCATE from gc_1 with value -500.0
0 00:00:02; 2; eud_1; power_msg; 500.0; POWER to gc_1
0 00:00:02; 2; eud_1; brightness; 1.0; brightness changed to 1.0
0 00:00:03; 3; gc_1; ; None; Read MessageType.POWER from eud_1 with value 500.0
0 00:00:03; 3; battery_1; SOC 0.5, charge pref BatteryChargingPreference.NEUTRAL; None; battery load changed from 0 to -500.0
0 02:20:00; 8400; battery_1; SOC 0.47667499999999985, charge pref BatteryChargingPreference.NEUTRAL; None; unchanged charge preference
0 04:40:00; 16800; battery_1; SOC 0.45334166666666637, charge pref BatteryChargingPreference.NEUTRAL; None; unchanged charge preference
0 06:00:00; 21600; eud_1; shut_down; 0; shut down eud_1
0 06:00:00; 21600; eud_1; power_msg; 0; POWER to gc_1
0 06:00:01; 21601; gc_1; ; None; Read MessageType.POWER from eud_1 with value 0
0 06:00:01; 21601; battery_1; SOC 0.4400055555555551, charge pref BatteryChargingPreference.NEUTRAL; None; battery load changed from -500.0 to 0.0
0 07:00:00; 25200; battery_1; SOC 0.4400055555555551, charge pref BatteryChargingPreference.NEUTRAL; None; unchanged charge preference
0 07:40:00; 27600; pv_1; power_msg; -108.0; POWER to gc_1
0 07:40:01; 27601; gc_1; ; None; Read MessageType.POWER from pv_1 with value -108.0
0 07:40:01; 27601; battery_1; SOC 0.4400055555555551, charge pref BatteryChargingPreference.NEUTRAL; None; battery load changed from 0.0 to 108.0
0 07:50:00; 28200; pv_1; power_msg; -216.0; POWER to gc_1
0 07:50:01; 28201; gc_1; ; None; Read MessageType.POWER from pv_1 with value -216.0
0 07:50:01; 28201; battery_1; SOC 0.4403655555555551, charge pref BatteryChargingPreference.NEUTRAL; None; battery load changed from 108.0 to 216.0
0 08:00:00; 28800; utm_1; set sell price; 0.15; set sell price
0 08:00:00; 28800; utm_1; price message; 0.15; price msg to gc_1
0 08:00:00; 28800; eud_1; start_up; 1; start up eud_1
0 08:00:00; 28800; eud_1; power_msg; 500.0; POWER to gc_1
0 08:00:00; 28800; eud_1; brightness; 1.0; brightness changed to 1.0
0 08:00:00; 28800; pv_1; power_msg; -306.0; POWER to gc_1
0 08:00:01; 28801; gc_1; ; None; Read MessageType.PRICE from utm_1 with value 0.15
0 08:00:01; 28801; gc_1; ; None; Read MessageType.POWER from eud_1 with value 500.0
0 08:00:01; 28801; battery_1; SOC 0.4410855555555551, charge pref BatteryChargingPreference.NEUTRAL; None; battery load changed from 216.0 to -284.0
0 08:00:01; 28801; gc_1; ; None; Read MessageType.POWER from pv_1 with value -306.0
0 08:00:01; 28801; battery_1; SOC 0.4410855555555551, charge pref BatteryChargingPreference.NEUTRAL; None; battery load changed from -284.0 to -194.0
0 08:10:00; 29400; pv_1; power_msg; -414.0; POWER to gc_1
0 08:10:01; 29401; gc_1; ; None; Read MessageType.POWER from pv_1 with value -414.0
0 08:10:01; 29401; battery_1; SOC 0.4404388888888885, charge pref BatteryChargingPreference.NEUTRAL; None; battery load changed from -194.0 to -86.0
0 08:20:00; 30000; pv_1; power_msg; -522.0; POWER to gc_1
0 08:20:01; 30001; gc_1; ; None; Read MessageType.POWER from pv_1 with value -522.0
0 08:20:01; 30001; battery_1; SOC 0.44015222222222183, charge pref BatteryChargingPreference.NEUTRAL; None; battery load changed from -86.0 to 22.0
0 08:30:00; 30600; pv_1; power_msg; -612.0; POWER to gc_1
0 08:30:01; 30601; gc_1; ; None; Read MessageType.POWER from pv_1 with value -612.0
0 08:30:01; 30601; battery_1; SOC 0.4402255555555552, charge pref BatteryChargingPreference.NEUTRAL; None; battery load changed from 22.0 to 112.0
0 08:40:00; 31200; pv_1; power_msg; -720.0; POWER to gc_1
0 08:40:01; 31201; gc_1; ; None; Read MessageType.POWER from pv_1 with value -720.0
0 08:40:01; 31201; battery_1; SOC 0.44059888888888854, charge pref BatteryChargingPreference.NEUTRAL; None; battery load changed from 112.0 to 220.0
0 08:50:00; 31800; pv_1; power_msg; -810.0; POWER to gc_1
0 08:50:01; 31801; gc_1; ; None; Read MessageType.POWER from pv_1 with value -810.0
0 08:50:01; 31801; battery_1; SOC 0.4413322222222219, charge pref BatteryChargingPreference.NEUTRAL; None; battery load changed from 220.0 to 310.0
0 09:00:00; 32400; pv_1; power_msg; -900.0; POWER to gc_1
0 09:00:01; 32401; gc_1; ; None; Read MessageType.POWER from pv_1 with value -900.0
0 09:00:01; 32401; battery_1; SOC 0.44236555555555523, charge pref BatteryChargingPreference.NEUTRAL; None; unchanged charge preference
0 09:00:01; 32401; battery_1; SOC 0.44236555555555523, charge pref BatteryChargingPreference.NEUTRAL; None; battery load changed from 310.0 to 400.0
0 09:10:00; 33000; pv_1; power_msg; -990.0000000000001; POWER to gc_1
0 09:10:01; 33001; gc_1; ; None; Read MessageType.POWER from pv_1 with value -990.0000000000001
0 09:10:01; 33001; battery_1; SOC 0.4436988888888886, charge pref BatteryChargingPreference.NEUTRAL; None; battery load changed from 400.0 to 490.0000000000001
0 09:20:00; 33600; pv_1; power_msg; -1080.0; POWER to gc_1
0 09:20:01; 33601; gc_1; ; None; Read MessageType.POWER from pv_1 with value -1080.0
0 09:20:01; 33601; battery_1; SOC 0.44533222222222196, charge pref BatteryChargingPreference.NEUTRAL; None; battery load changed from 490.0000000000001 to 580.0
0 09:30:00; 34200; pv_1; power_msg; -1152.0; POWER to gc_1
0 09:30:01; 34201; gc_1; ; None; Read MessageType.POWER from pv_1 with value -1152.0
0 09:30:01; 34201; battery_1; SOC 0.4472655555555553, charge pref BatteryChargingPreference.NEUTRAL; None; battery load changed from 580.0 to 652.0
0 09:40:00; 34800; pv_1; power_msg; -1242.0; POWER to gc_1
0 09:40:01; 34801; gc_1; ; None; Read MessageType.POWER from pv_1 with value -1242.0
0 09:40:01; 34801; battery_1; SOC 0.44943888888888867, charge pref BatteryChargingPreference.NEUTRAL; None; battery load changed from 652.0 to 742.0
0 09:50:00; 35400; pv_1; power_msg; -1314.0; POWER to gc_1
0 09:50:01; 35401; gc_1; ; None; Read MessageType.POWER from pv_1 with value -1314.0
0 09:50:01; 35401; battery_1; SOC 0.45191222222222205, charge pref BatteryChargingPreference.NEUTRAL; None; battery load changed from 742.0 to 814.0
0 10:00:00; 36000; pv_1; power_msg; -1386.0; POWER to gc_1
0 10:00:01; 36001; gc_1; ; None; Read MessageType.POWER from pv_1 with value -1386.0
0 10:00:01; 36001; battery_1; SOC 0.4546255555555554, charge pref BatteryChargingPreference.NEUTRAL; None; battery load changed from 814.0 to 886.0
0 10:10:00; 36600; pv_1; power_msg; -1440.0; POWER to gc_1
0 10:10:01; 36601; gc_1; ; None; Read MessageType.POWER from pv_1 with value -1440.0
0 10:10:01; 36601; battery_1; SOC 0.45757888888888876, charge pref BatteryChargingPreference.NEUTRAL; None; battery load changed from 886.0 to 940.0
0 10:20:00; 37200; pv_1; power_msg; -1512.0; POWER to gc_1
0 10:20:01; 37201; gc_1; ; None; Read MessageType.POWER from pv_1 with value -1512.0
0 10:20:01; 37201; battery_1; SOC 0.46071222222222213, charge pref BatteryChargingPreference.NEUTRAL; None; battery load changed from 940.0 to 1000.0
0 10:20:01; 37201; gc_1; power_msg; -12.0; POWER to utm_1
0 10:20:02; 37202; utm_1; ; None; Read MessageType.POWER from gc_1 with value -12.0
0 10:30:00; 37800; pv_1; power_msg; -1566.0; POWER to gc_1
0 10:30:01; 37801; gc_1; ; None; Read MessageType.POWER from pv_1 with value -1566.0
0 10:30:01; 37801; battery_1; SOC 0.4640455555555555, charge pref BatteryChargingPreference.NEUTRAL; None; battery load changed from 1000.0 to 1000.0
0 10:30:01; 37801; gc_1; power_msg; -66.0; POWER to utm_1
0 10:30:02; 37802; utm_1; ; None; Read MessageType.POWER from gc_1 with value -66.0
0 10:40:00; 38400; pv_1; power_msg; -1602.0; POWER to gc_1
0 10:40:01; 38401; gc_1; ; None; Read MessageType.POWER from pv_1 with value -1602.0
0 10:40:01; 38401; battery_1; SOC 0.46737888888888884, charge pref BatteryChargingPreference.NEUTRAL; None; battery load changed from 1000.0 to 1000.0
0 10:40:01; 38401; gc_1; power_msg; -102.0; POWER to utm_1
0 10:40:02; 38402; utm_1; ; None; Read MessageType.POWER from gc_1 with value -102.0
0 10:50:00; 39000; pv_1; power_msg; -1656.0; POWER to gc_1
0 10:50:01; 39001; gc_1; ; None; Read MessageType.POWER from pv_1 with value -1656.0
0 10:50:01; 39001; battery_1; SOC 0.4707122222222222, charge pref BatteryChargingPreference.NEUTRAL; None; battery load changed from 1000.0 to 1000.0
0 10:50:01; 39001; gc_1; power_msg; -156.0; POWER to utm_1
0 10:50:02; 39002; utm_1; ; None; Read MessageType.POWER from gc_1 with value -156.0
0 11:00:00; 39600; pv_1; power_msg; -1692.0; POWER to gc_1
0 11:00:01; 39601; gc_1; ; None; Read MessageType.POWER from pv_1 with value -1692.0
0 11:00:01; 39601; battery_1; SOC 0.47404555555555555, charge pref BatteryChargingPreference.NEUTRAL; None; battery load changed from 1000.0 to 1000.0
0 11:00:01; 39601; gc_1; power_msg; -192.0; POWER to utm_1
0 11:00:02; 39602; utm_1; ; None; Read MessageType.POWER from gc_1 with value -192.0
0 11:10:00; 40200; pv_1; power_msg; -1728.0; POWER to gc_1
0 11:10:01; 40201; gc_1; ; None; Read MessageType.POWER from pv_1 with value -1728.0
0 11:10:01; 40201; battery_1; SOC 0.4773788888888889, charge pref BatteryChargingPreference.NEUTRAL; None; unchanged charge preference
0 11:10:01; 40201; battery_1; SOC 0.4773788888888889, charge pref BatteryChargingPreference.NEUTRAL; None; battery load changed from 1000.0 to 1000.0
0 11:10:01; 40201; gc_1; power_msg; -228.0; POWER to utm_1
0 11:10:02; 40202; utm_1; ; None; Read MessageType.POWER from gc_1 with value -228.0
0 11:20:00; 40800; pv_1; power_msg; -1746.0; POWER to gc_1
0 11:20:01; 40801; gc_1; ; None; Read MessageType.POWER from pv_1 with value -1746.0
0 11:20:01; 40801; battery_1; SOC 0.48071222222222226, charge pref BatteryChargingPreference.NEUTRAL; None; battery load changed from 1000.0 to 1000.0
0 11:20:01; 40801; gc_1; power_msg; -246.0; POWER to utm_1
0 11:20:02; 40802; utm_1; ; None; Read MessageType.POWER from gc_1 with value -246.0
0 11:30:00; 41400; pv_1; power_msg; -1764.0; POWER to gc_1
0 11:30:01; 41401; gc_1; ; None; Read MessageType.POWER from pv_1 with value -1764.0
0 11:30:01; 41401; battery_1; SOC 0.4840455555555556, charge pref BatteryChargingPreference.NEUTRAL; None; battery load changed from 1000.0 to 1000.0
0 11:30:01; 41401; gc_1; power_msg; -264.0; POWER to utm_1
0 11:30:02; 41402; utm_1; ; None; Read MessageType.POWER from gc_1 with value -264.0
0 11:40:00; 42000; pv_1; power_msg; -1782.0; POWER to gc_1
0 11:40:01; 42001; gc_1; ; None; Read MessageType.POWER from pv_1 with value -1782.0
0 11:40:01; 42001; battery_1; SOC 0.487378888888889, charge pref BatteryChargingPreference.NEUTRAL; None; battery load changed from 1000.0 to 1000.0
0 11:40:01; 42001; gc_1; power_msg; -282.0; POWER to utm_1
0 11:40:02; 42002; utm_1; ; None; Read MessageType.POWER from gc_1 with value -282.0
0 11:50:00; 42600; pv_1; power_msg; -1800.0; POWER to gc_1
0 11:50:01; 42601; gc_1; ; None; Read MessageType.POWER from pv_1 with value -1800.0
0 11:50:01; 42601; battery_1; SOC 0.4907122222222223, charge pref BatteryChargingPreference.NEUTRAL; None; battery load changed from 1000.0 to 1000.0
0 11:50:01; 42601; gc_1; power_msg; -300.0; POWER to utm_1
0 11:50:02; 42602; utm_1; ; None; Read MessageType.POWER from gc_1 with value -300.0
0 12:20:00; 44400; pv_1; power_msg; -1782.0; POWER to gc_1
0 12:20:01; 44401; gc_1; ; None; Read MessageType.POWER from pv_1 with value -1782.0
0 12:20:01; 44401; gc_1; power_msg; -282.0; POWER to utm_1
0 12:20:02; 44402; utm_1; ; None; Read MessageType.POWER from gc_1 with value -282.0
0 12:30:00; 45000; pv_1; power_msg; -1764.0; POWER to gc_1
0 12:30:01; 45001; gc_1; ; None; Read MessageType.POWER from pv_1 with value -1764.0
0 12:30:01; 45001; gc_1; power_msg; -264.0; POWER to utm_1
0 12:30:02; 45002; utm_1; ; None; Read MessageType.POWER from gc_1 with value -264.0
0 12:40:00; 45600; pv_1; power_msg; -1746.0; POWER to gc_1
0 12:40:01; 45601; gc_1; ; None; Read MessageType.POWER from pv_1 with value -1746.0
0 12:40:01; 45601; gc_1; power_msg; -246.0; POWER to utm_1
0 12:40:02; 45602; utm_1; ; None; Read MessageType.POWER from gc_1 with value -246.0
0 12:50:00; 46200; pv_1; power_msg; -1728.0; POWER to gc_1
0 12:50:01; 46201; gc_1; ; None; Read MessageType.POWER from pv_1 with value -1728.0
0 12:50:01; 46201; gc_1; power_msg; -228.0; POWER to utm_1
0 12:50:02; 46202; utm_1; ; None; Read MessageType.POWER from gc_1 with value -228.0
0 13:00:00; 46800; pv_1; power_msg; -1692.0; POWER to gc_1
0 13:00:01; 46801; gc_1; ; None; Read MessageType.POWER from pv_1 with value -1692.0
0 13:00:01; 46801; gc_1; power_msg; -192.0; POWER to utm_1
0 13:00:02; 46802; utm_1; ; None; Read MessageType.POWER from gc_1 with value -192.0
0 13:10:00; 47400; pv_1; power_msg; -1656.0; POWER to gc_1
0 13:10:01; 47401; gc_1; ; None; Read MessageType.POWER from pv_1 with value -1656.0
0 13:10:01; 47401; gc_1; power_msg; -156.0; POWER to utm_1
0 13:10:02; 47402; utm_1; ; None; Read MessageType.POWER from gc_1 with value -156.0
0 13:20:00; 48000; pv_1; power_msg; -1602.0; POWER to gc_1
0 13:20:00; 48000; battery_1; SOC 0.5207066666666668, charge pref BatteryChargingPreference.NEUTRAL; None; unchanged charge preference
0 13:20:01; 48001; gc_1; ; None; Read MessageType.POWER from pv_1 with value -1602.0
0 13:20:01; 48001; gc_1; power_msg; -102.0; POWER to utm_1
0 13:20:02; 48002; utm_1; ; None; Read MessageType.POWER from gc_1 with value -102.0
0 13:30:00; 48600; pv_1; power_msg; -1566.0; POWER to gc_1
0 13:30:01; 48601; gc_1; ; None; Read MessageType.POWER from pv_1 with value -1566.0
0 13:30:01; 48601; gc_1; power_msg; -66.0; POWER to utm_1
0 13:30:02; 48602; utm_1; ; None; Read MessageType.POWER from gc_1 with value -66.0
0 13:40:00; 49200; pv_1; power_msg; -1512.0; POWER to gc_1
0 13:40:01; 49201; gc_1; ; None; Read MessageType.POWER from pv_1 with value -1512.0
0 13:40:01; 49201; gc_1; power_msg; -12.0; POWER to utm_1
0 13:40:02; 49202; utm_1; ; None; Read MessageType.POWER from gc_1 with value -12.0
0 13:50:00; 49800; pv_1; power_msg; -1440.0; POWER to gc_1
0 13:50:01; 49801; gc_1; ; None; Read MessageType.POWER from pv_1 with value -1440.0
0 13:50:01; 49801; gc_1; power_msg; 0; POWER to utm_1
0 13:50:01; 49801; battery_1; SOC 0.5307122222222224, charge pref BatteryChargingPreference.NEUTRAL; None; battery load changed from 1000.0 to 940.0
0 13:50:02; 49802; utm_1; ; None; Read MessageType.POWER from gc_1 with value 0
0 14:00:00; 50400; pv_1; power_msg; -1386.0; POWER to gc_1
0 14:00:01; 50401; gc_1; ; None; Read MessageType.POWER from pv_1 with value -1386.0
0 14:00:01; 50401; battery_1; SOC 0.5338455555555557, charge pref BatteryChargingPreference.NEUTRAL; None; battery load changed from 940.0 to 886.0
0 14:10:00; 51000; pv_1; power_msg; -1314.0; POWER to gc_1
0 14:10:01; 51001; gc_1; ; None; Read MessageType.POWER from pv_1 with value -1314.0
0 14:10:01; 51001; battery_1; SOC 0.536798888888889, charge pref BatteryChargingPreference.NEUTRAL; None; battery load changed from 886.0 to 814.0
0 14:20:00; 51600; pv_1; power_msg; -1242.0; POWER to gc_1
0 14:20:01; 51601; gc_1; ; None; Read MessageType.POWER from pv_1 with value -1242.0
0 14:20:01; 51601; battery_1; SOC 0.5395122222222223, charge pref BatteryChargingPreference.NEUTRAL; None; battery load changed from 814.0 to 742.0
0 14:30:00; 52200; pv_1; power_msg; -1152.0; POWER to gc_1
0 14:30:01; 52201; gc_1; ; None; Read MessageType.POWER from pv_1 with value -1152.0
0 14:30:01; 52201; battery_1; SOC 0.5419855555555556, charge pref BatteryChargingPreference.NEUTRAL; None; battery load changed from 742.0 to 652.0
0 14:40:00; 52800; pv_1; power_msg; -1080.0; POWER to gc_1
0 14:40:01; 52801; gc_1; ; None; Read MessageType.POWER from pv_1 with value -1080.0
0 14:40:01; 52801; battery_1; SOC 0.544158888888889, charge pref BatteryChargingPreference.NEUTRAL; None; battery load changed from 652.0 to 580.0
0 14:50:00; 53400; pv_1; power_msg; -990.0000000000001; POWER to gc_1
0 14:50:01; 53401; gc_1; ; None; Read MessageType.POWER from pv_1 with value -990.0000000000001
0 14:50:01; 53401; battery_1; SOC 0.5460922222222223, charge pref BatteryChargingPreference.NEUTRAL; None; battery load changed from 580.0 to 490.0000000000001
0 15:00:00; 54000; pv_1; power_msg; -900.0; POWER to gc_1
0 15:00:01; 54001; gc_1; ; None; Read MessageType.POWER from pv_1 with value -900.0
0 15:00:01; 54001; battery_1; SOC 0.5477255555555557, charge pref BatteryChargingPreference.NEUTRAL; None; battery load changed from 490.0000000000001 to 400.0
0 15:10:00; 54600; pv_1; power_msg; -810.0; POWER to gc_1
0 15:10:01; 54601; gc_1; ; None; Read MessageType.POWER from pv_1 with value -810.0
0 15:10:01; 54601; battery_1; SOC 0.5490588888888891, charge pref BatteryChargingPreference.NEUTRAL; None; battery load changed from 400.0 to 310.0
0 15:20:00; 55200; pv_1; power_msg; -720.0; POWER to gc_1
0 15:20:01; 55201; gc_1; ; None; Read MessageType.POWER from pv_1 with value -720.0
0 15:20:01; 55201; battery_1; SOC 0.5500922222222224, charge pref BatteryChargingPreference.NEUTRAL; None; unchanged charge preference
0 15:20:01; 55201; battery_1; SOC 0.5500922222222224, charge pref BatteryChargingPreference.NEUTRAL; None; battery load changed from 310.0 to 220.0
0 15:30:00; 55800; pv_1; power_msg; -612.0; POWER to gc_1
0 15:30:01; 55801; gc_1; ; None; Read MessageType.POWER from pv_1 with value -612.0
0 15:30:01; 55801; battery_1; SOC 0.5508255555555558, charge pref BatteryChargingPreference.NEUTRAL; None; battery load changed from 220.0 to 112.0
0 15:40:00; 56400; pv_1; power_msg; -522.0; POWER to gc_1
0 15:40:01; 56401; gc_1; ; None; Read MessageType.POWER from pv_1 with value -522.0
0 15:40:01; 56401; battery_1; SOC 0.5511988888888892, charge pref BatteryChargingPreference.NEUTRAL; None; battery load changed from 112.0 to 22.0
0 15:50:00; 57000; pv_1; power_msg; -414.0; POWER to gc_1
0 15:50:01; 57001; gc_1; ; None; Read MessageType.POWER from pv_1 with value -414.0
0 15:50:01; 57001; battery_1; SOC 0.5512722222222226, charge pref BatteryChargingPreference.NEUTRAL; None; battery load changed from 22.0 to -86.0
0 16:00:00; 57600; pv_1; power_msg; -306.0; POWER to gc_1
0 16:00:01; 57601; gc_1; ; None; Read MessageType.POWER from pv_1 with value -306.0
0 16:00:01; 57601; battery_1; SOC 0.550985555555556, charge pref BatteryChargingPreference.NEUTRAL; None; battery load changed from -86.0 to -194.0
0 16:10:00; 58200; pv_1; power_msg; -216.0; POWER to gc_1
0 16:10:01; 58201; gc_1; ; None; Read MessageType.POWER from pv_1 with value -216.0
0 16:10:01; 58201; battery_1; SOC 0.5503388888888894, charge pref BatteryChargingPreference.NEUTRAL; None; battery load changed from -194.0 to -284.0
0 16:20:00; 58800; pv_1; power_msg; -108.0; POWER to gc_1
0 16:20:01; 58801; gc_1; ; None; Read MessageType.POWER from pv_1 with value -108.0
0 16:20:01; 58801; battery_1; SOC 0.5493922222222227, charge pref BatteryChargingPreference.NEUTRAL; None; battery load changed from -284.0 to -392.0
0 16:30:00; 59400; pv_1; power_msg; -0.0; POWER to gc_1
0 16:30:01; 59401; gc_1; ; None; Read MessageType.POWER from pv_1 with value -0.0
0 16:30:01; 59401; battery_1; SOC 0.548085555555556, charge pref BatteryChargingPreference.NEUTRAL; None; battery load changed from -392.0 to -500.0
0 17:40:00; 63600; battery_1; SOC 0.5364216666666671, charge pref BatteryChargingPreference.NEUTRAL; None; unchanged charge preference
0 18:00:00; 64800; eud_1; shut_down; 0; shut down eud_1
0 18:00:00; 64800; eud_1; power_msg; 0; POWER to gc_1
0 18:00:00; 64800; utm_1; set sell price; 0.05; set sell price
0 18:00:00; 64800; utm_1; price message; 0.05; price msg to gc_1
0 18:00:01; 64801; gc_1; ; None; Read MessageType.POWER from eud_1 with value 0
0 18:00:01; 64801; battery_1; SOC 0.533085555555556, charge pref BatteryChargingPreference.NEUTRAL; None; battery load changed from -500.0 to 0.0
0 18:00:01; 64801; gc_1; ; None; Read MessageType.PRICE from utm_1 with value 0.05
0 20:00:00; 72000; battery_1; SOC 0.533085555555556, charge pref BatteryChargingPreference.NEUTRAL; None; unchanged charge preference
0 22:20:00; 80400; battery_1; SOC 0.533085555555556, charge pref BatteryChargingPreference.NEUTRAL; None; unchanged charge preference
1 00:00:00; 86400; eud_1; start_up; 1; start up eud_1
1 00:00:00; 86400; eud_1; power_msg; 500.0; POWER to gc_1
1 00:00:00; 86400; eud_1; brightness; 1.0; brightness changed to 1.0
1 00:00:00; 86400; utm_1; set sell price; 0.1; set sell price
1 00:00:00; 86400; utm_1; price message; 0.1; price msg to gc_1
1 00:00:01; 86401; gc_1; ; None; Read MessageType.POWER from eud_1 with value 500.0
1 00:00:01; 86401; battery_1; SOC 0.533085555555556, charge pref BatteryChargingPreference.NEUTRAL; None; battery load changed from 0.0 to -500.0
1 00:00:01; 86401; gc_1; ; None; Read MessageType.PRICE from utm_1 with value 0.1
1 00:40:00; 88800; battery_1; SOC 0.5264216666666671, charge pref BatteryChargingPreference.NEUTRAL; None; unchanged charge preference
1 03:00:00; 97200; battery_1; SOC 0.5030883333333337, charge pref BatteryChargingPreference.NEUTRAL; None; unchanged charge preference
1 05:20:00; 105600; battery_1; SOC 0.4797550000000002, charge pref BatteryChargingPreference.NEUTRAL; None; unchanged charge preference
1 06:00:00; 108000; eud_1; shut_down; 0; shut down eud_1
1 06:00:00; 108000; eud_1; power_msg; 0; POWER to gc_1
1 06:00:01; 108001; gc_1; ; None; Read MessageType.POWER from eud_1 with value 0
1 06:00:01; 108001; battery_1; SOC 0.4730855555555557, charge pref BatteryChargingPreference.NEUTRAL; None; battery load changed from -500.0 to 0.0
1 07:40:00; 114000; battery_1; SOC 0.4730855555555557, charge pref BatteryChargingPreference.NEUTRAL; None; unchanged charge preference
1 07:40:00; 114000; pv_1; power_msg; -108.0; POWER to gc_1
1 07:40:01; 114001; gc_1; ; None; Read MessageType.POWER from pv_1 with value -108.0
1 07:40:01; 114001; battery_1; SOC 0.4730855555555557, charge pref BatteryChargingPreference.NEUTRAL; None; battery load changed from 0.0 to 108.0
1 07:50:00; 114600; pv_1; power_msg; -216.0; POWER to gc_1
1 07:50:01; 114601; gc_1; ; None; Read MessageType.POWER from pv_1 with value -216.0
1 07:50:01; 114601; battery_1; SOC 0.4734455555555557, charge pref BatteryChargingPreference.NEUTRAL; None; battery load changed from 108.0 to 216.0
1 08:00:00; 115200; utm_1; set sell price; 0.15; set sell price
1 08:00:00; 115200; utm_1; price message; 0.15; price msg to gc_1
1 08:00:00; 115200; eud_1; start_up; 1; start up eud_1
1 08:00:00; 115200; eud_1; power_msg; 500.0; POWER to gc_1
1 08:00:00; 115200; eud_1; brightness; 1.0; brightness changed to 1.0
1 08:00:00; 115200; pv_1; power_msg; -306.0; POWER to gc_1
1 08:00:01; 115201; gc_1; ; None; Read MessageType.PRICE from utm_1 with value 0.15
1 08:00:01; 115201; gc_1; ; None; Read MessageType.POWER from eud_1 with value 500.0
1 08:00:01; 115201; battery_1; SOC 0.4741655555555557, charge pref BatteryChargingPreference.NEUTRAL; None; battery load changed from 216.0 to -284.0
1 08:00:01; 115201; gc_1; ; None; Read MessageType.POWER from pv_1 with value -306.0
1 08:00:01; 115201; battery_1; SOC 0.4741655555555557, charge pref BatteryChargingPreference.NEUTRAL; None; battery load changed from -284.0 to -194.0
1 08:10:00; 115800; pv_1; power_msg; -414.0; POWER to gc_1
1 08:10:01; 115801; gc_1; ; None; Read MessageType.POWER from pv_1 with value -414.0
1 08:10:01; 115801; battery_1; SOC 0.47351888888888904, charge pref BatteryChargingPreference.NEUTRAL; None; battery load changed from -194.0 to -86.0
1 08:20:00; 116400; pv_1; power_msg; -522.0; POWER to gc_1
1 08:20:01; 116401; gc_1; ; None; Read MessageType.POWER from pv_1 with value -522.0
1 08:20:01; 116401; battery_1; SOC 0.4732322222222224, charge pref BatteryChargingPreference.NEUTRAL; None; battery load changed from -86.0 to 22.0
1 08:30:00; 117000; pv_1; power_msg; -612.0; POWER to gc_1
1 08:30:01; 117001; gc_1; ; None; Read MessageType.POWER from pv_1 with value -612.0
1 08:30:01; 117001; battery_1; SOC 0.47330555555555576, charge pref BatteryChargingPreference.NEUTRAL; None; battery load changed from 22.0 to 112.0
1 08:40:00; 117600; pv_1; power_msg; -720.0; POWER to gc_1
1 08:40:01; 117601; gc_1; ; None; Read MessageType.POWER from pv_1 with value -720.0
1 08:40:01; 117601; battery_1; SOC 0.47367888888888915, charge pref BatteryChargingPreference.NEUTRAL; None; battery load changed from 112.0 to 220.0
1 08:50:00; 118200; pv_1; power_msg; -810.0; POWER to gc_1
1 08:50:01; 118201; gc_1; ; None; Read MessageType.POWER from pv_1 with value -810.0
1 08:50:01; 118201; battery_1; SOC 0.47441222222222246, charge pref BatteryChargingPreference.NEUTRAL; None; battery load changed from 220.0 to 310.0
1 09:00:00; 118800; pv_1; power_msg; -900.0; POWER to gc_1
1 09:00:01; 118801; gc_1; ; None; Read MessageType.POWER from pv_1 with value -900.0
1 09:00:01; 118801; battery_1; SOC 0.47544555555555584, charge pref BatteryChargingPreference.NEUTRAL; None; battery load changed from 310.0 to 400.0
1 09:10:00; 119400; pv_1; power_msg; -990.0000000000001; POWER to gc_1
1 09:10:01; 119401; gc_1; ; None; Read MessageType.POWER from pv_1 with value -990.0000000000001
1 09:10:01; 119401; battery_1; SOC 0.4767788888888892, charge pref BatteryChargingPreference.NEUTRAL; None; battery load changed from 400.0 to 490.0000000000001
1 09:20:00; 120000; pv_1; power_msg; -1080.0; POWER to gc_1
1 09:20:01; 120001; gc_1; ; None; Read MessageType.POWER from pv_1 with value -1080.0
1 09:20:01; 120001; battery_1; SOC 0.47841222222222257, charge pref BatteryChargingPreference.NEUTRAL; None; battery load changed from 490.0000000000001 to 580.0
1 09:30:00; 120600; pv_1; power_msg; -1152.0; POWER to gc_1
1 09:30:01; 120601; gc_1; ; None; Read MessageType.POWER from pv_1 with value -1152.0
1 09:30:01; 120601; battery_1; SOC 0.4803455555555559, charge pref BatteryChargingPreference.NEUTRAL; None; battery load changed from 580.0 to 652.0
1 09:40:00; 121200; pv_1; power_msg; -1242.0; POWER to gc_1
1 09:40:01; 121201; gc_1; ; None; Read MessageType.POWER from pv_1 with value -1242.0
1 09:40:01; 121201; battery_1; SOC 0.4825188888888893, charge pref BatteryChargingPreference.NEUTRAL; None; unchanged charge preference
1 09:40:01; 121201; battery_1; SOC 0.4825188888888893, charge pref BatteryChargingPreference.NEUTRAL; None; battery load changed from 652.0 to 742.0
1 09:50:00; 121800; pv_1; power_msg; -1314.0; POWER to gc_1
1 09:50:01; 121801; gc_1; ; None; Read MessageType.POWER from pv_1 with value -1314.0
1 09:50:01; 121801; battery_1; SOC 0.4849922222222226, charge pref BatteryChargingPreference.NEUTRAL; None; battery load changed from 742.0 to 814.0
1 10:00:00; 122400; pv_1; power_msg; -1386.0; POWER to gc_1
1 10:00:01; 122401; gc_1; ; None; Read MessageType.POWER from pv_1 with value -1386.0
1 10:00:01; 122401; battery_1; SOC 0.487705555555556, charge pref BatteryChargingPreference.NEUTRAL; None; battery load changed from 814.0 to 886.0
1 10:10:00; 123000; pv_1; power_msg; -1440.0; POWER to gc_1
1 10:10:01; 123001; gc_1; ; None; Read MessageType.POWER from pv_1 with value -1440.0
1 10:10:01; 123001; battery_1; SOC 0.49065888888888937, charge pref BatteryChargingPreference.NEUTRAL; None; battery load changed from 886.0 to 940.0
1 10:20:00; 123600; pv_1; power_msg; -1512.0; POWER to gc_1
1 10:20:01; 123601; gc_1; ; None; Read MessageType.POWER from pv_1 with value -1512.0
1 10:20:01; 123601; battery_1; SOC 0.4937922222222227, charge pref BatteryChargingPreference.NEUTRAL; None; battery load changed from 940.0 to 1000.0
1 10:20:01; 123601; gc_1; power_msg; -12.0; POWER to utm_1
1 10:20:02; 123602; utm_1; ; None; Read MessageType.POWER from gc_1 with value -12.0
1 10:30:00; 124200; pv_1; power_msg; -1566.0; POWER to gc_1
1 10:30:01; 124201; gc_1; ; None; Read MessageType.POWER from pv_1 with value -1566.0
1 10:30:01; 124201; battery_1; SOC 0.49712555555555604, charge pref BatteryChargingPreference.NEUTRAL; None; battery load changed from 1000.0 to 1000.0
1 10:30:01; 124201; gc_1; power_msg; -66.0; POWER to utm_1
1 10:30:02; 124202; utm_1; ; None; Read MessageType.POWER from gc_1 with value -66.0
1 10:40:00; 124800; pv_1; power_msg; -1602.0; POWER to gc_1
1 10:40:01; 124801; gc_1; ; None; Read MessageType.POWER from pv_1 with value -1602.0
1 10:40:01; 124801; battery_1; SOC 0.5004588888888895, charge pref BatteryChargingPreference.NEUTRAL; None; battery load changed from 1000.0 to 1000.0
1 10:40:01; 124801; gc_1; power_msg; -102.0; POWER to utm_1
1 10:40:02; 124802; utm_1; ; None; Read MessageType.POWER from gc_1 with value -102.0
1 10:50:00; 125400; pv_1; power_msg; -1656.0; POWER to gc_1
1 10:50:01; 125401; gc_1; ; None; Read MessageType.POWER from pv_1 with value -1656.0
1 10:50:01; 125401; battery_1; SOC 0.5037922222222229, charge pref BatteryChargingPreference.NEUTRAL; None; battery load changed from 1000.0 to 1000.0
1 10:50:01; 125401; gc_1; power_msg; -156.0; POWER to utm_1
1 10:50:02; 125402; utm_1; ; None; Read MessageType.POWER from gc_1 with value -156.0
1 11:00:00; 126000; pv_1; power_msg; -1692.0; POWER to gc_1
1 11:00:01; 126001; gc_1; ; None; Read MessageType.POWER from pv_1 with value -1692.0
1 11:00:01; 126001; battery_1; SOC 0.5071255555555562, charge pref BatteryChargingPreference.NEUTRAL; None; battery load changed from 1000.0 to 1000.0
1 11:00:01; 126001; gc_1; power_msg; -192.0; POWER to utm_1
1 11:00:02; 126002; utm_1; ; None; Read MessageType.POWER from gc_1 with value -192.0
1 11:10:00; 126600; pv_1; power_msg; -1728.0; POWER to gc_1
1 11:10:01; 126601; gc_1; ; None; Read MessageType.POWER from pv_1 with value -1728.0
1 11:10:01; 126601; battery_1; SOC 0.5104588888888895, charge pref BatteryChargingPreference.NEUTRAL; None; battery load changed from 1000.0 to 1000.0
1 11:10:01; 126601; gc_1; power_msg; -228.0; POWER to utm_1
1 11:10:02; 126602; utm_1; ; None; Read MessageType.POWER from gc_1 with value -228.0
1 11:20:00; 127200; pv_1; power_msg; -1746.0; POWER to gc_1
1 11:20:01; 127201; gc_1; ; None; Read MessageType.POWER from pv_1 with value -1746.0
1 11:20:01; 127201; battery_1; SOC 0.5137922222222229, charge pref BatteryChargingPreference.NEUTRAL; None; battery load changed from 1000.0 to 1000.0
1 11:20:01; 127201; gc_1; power_msg; -246.0; POWER to utm_1
1 11:20:02; 127202; utm_1; ; None; Read MessageType.POWER from gc_1 with value -246.0
1 11:30:00; 127800; pv_1; power_msg; -1764.0; POWER to gc_1
1 11:30:01; 127801; gc_1; ; None; Read MessageType.POWER from pv_1 with value -1764.0
1 11:30:01; 127801; battery_1; SOC 0.5171255555555562, charge pref BatteryChargingPreference.NEUTRAL; None; battery load changed from 1000.0 to 1000.0
1 11:30:01; 127801; gc_1; power_msg; -264.0; POWER to utm_1
1 11:30:02; 127802; utm_1; ; None; Read MessageType.POWER from gc_1 with value -264.0
1 11:40:00; 128400; pv_1; power_msg; -1782.0; POWER to gc_1
1 11:40:01; 128401; gc_1; ; None; Read MessageType.POWER from pv_1 with value -1782.0
1 11:40:01; 128401; battery_1; SOC 0.5204588888888896, charge pref BatteryChargingPreference.NEUTRAL; None; battery load changed from 1000.0 to 1000.0
1 11:40:01; 128401; gc_1; power_msg; -282.0; POWER to utm_1
1 11:40:02; 128402; utm_1; ; None; Read MessageType.POWER from gc_1 with value -282.0
1 11:50:00; 129000; pv_1; power_msg; -1800.0; POWER to gc_1
1 11:50:01; 129001; gc_1; ; None; Read MessageType.POWER from pv_1 with value -1800.0
1 11:50:01; 129001; battery_1; SOC 0.5237922222222229, charge pref BatteryChargingPreference.NEUTRAL; None; unchanged charge preference
1 11:50:01; 129001; battery_1; SOC 0.5237922222222229, charge pref BatteryChargingPreference.NEUTRAL; None; battery load changed from 1000.0 to 1000.0
1 11:50:01; 129001; gc_1; power_msg; -300.0; POWER to utm_1
1 11:50:02; 129002; utm_1; ; None; Read MessageType.POWER from gc_1 with value -300.0
1 12:20:00; 130800; pv_1; power_msg; -1782.0; POWER to gc_1
1 12:20:01; 130801; gc_1; ; None; Read MessageType.POWER from pv_1 with value -1782.0
1 12:20:01; 130801; gc_1; power_msg; -282.0; POWER to utm_1
1 12:20:02; 130802; utm_1; ; None; Read MessageType.POWER from gc_1 with value -282.0
1 12:30:00; 131400; pv_1; power_msg; -1764.0; POWER to gc_1
1 12:30:01; 131401; gc_1; ; None; Read MessageType.POWER from pv_1 with value -1764.0
1 12:30:01; 131401; gc_1; power_msg; -264.0; POWER to utm_1
1 12:30:02; 131402; utm_1; ; None; Read MessageType.POWER from gc_1 with value -264.0
1 12:40:00; 132000; pv_1; power_msg; -1746.0; POWER to gc_1
1 12:40:01; 132001; gc_1; ; None; Read MessageType.POWER from pv_1 with value -1746.0
1 12:40:01; 132001; gc_1; power_msg; -246.0; POWER to utm_1
1 12:40:02; 132002; utm_1; ; None; Read MessageType.POWER from gc_1 with value -246.0
1 12:50:00; 132600; pv_1; power_msg; -1728.0; POWER to gc_1
1 12:50:01; 132601; gc_1; ; None; Read MessageType.POWER from pv_1 with value -1728.0
1 12:50:01; 132601; gc_1; power_msg; -228.0; POWER to utm_1
1 12:50:02; 132602; utm_1; ; None; Read MessageType.POWER from gc_1 with value -228.0
1 13:00:00; 133200; pv_1; power_msg; -1692.0; POWER to gc_1
1 13:00:01; 133201; gc_1; ; None; Read MessageType.POWER from pv_1 with value -1692.0
1 13:00:01; 133201; gc_1; power_msg; -192.0; POWER to utm_1
1 13:00:02; 133202; utm_1; ; None; Read MessageType.POWER from gc_1 with value -192.0
1 13:10:00; 133800; pv_1; power_msg; -1656.0; POWER to gc_1
1 13:10:01; 133801; gc_1; ; None; Read MessageType.POWER from pv_1 with value -1656.0
1 13:10:01; 133801; gc_1; power_msg; -156.0; POWER to utm_1
1 13:10:02; 133802; utm_1; ; None; Read MessageType.POWER from gc_1 with value -156.0
1 13:20:00; 134400; pv_1; power_msg; -1602.0; POWER to gc_1
1 13:20:01; 134401; gc_1; ; None; Read MessageType.POWER from pv_1 with value -1602.0
1 13:20:01; 134401; gc_1; power_msg; -102.0; POWER to utm_1
1 13:20:02; 134402; utm_1; ; None; Read MessageType.POWER from gc_1 with value -102.0
1 13:30:00; 135000; pv_1; power_msg; -1566.0; POWER to gc_1
1 13:30:01; 135001; gc_1; ; None; Read MessageType.POWER from pv_1 with value -1566.0
1 13:30:01; 135001; gc_1; power_msg; -66.0; POWER to utm_1
1 13:30:02; 135002; utm_1; ; None; Read MessageType.POWER from gc_1 with value -66.0
1 13:40:00; 135600; pv_1; power_msg; -1512.0; POWER to gc_1
1 13:40:01; 135601; gc_1; ; None; Read MessageType.POWER from pv_1 with value -1512.0
1 13:40:01; 135601; gc_1; power_msg; -12.0; POWER to utm_1
1 13:40:02; 135602; utm_1; ; None; Read MessageType.POWER from gc_1 with value -12.0
1 13:50:00; 136200; pv_1; power_msg; -1440.0; POWER to gc_1
1 13:50:01; 136201; gc_1; ; None; Read MessageType.POWER from pv_1 with value -1440.0
1 13:50:01; 136201; gc_1; power_msg; 0; POWER to utm_1
1 13:50:01; 136201; battery_1; SOC 0.5637922222222228, charge pref BatteryChargingPreference.NEUTRAL; None; battery load changed from 1000.0 to 940.0
1 13:50:02; 136202; utm_1; ; None; Read MessageType.POWER from gc_1 with value 0
1 14:00:00; 136800; pv_1; power_msg; -1386.0; POWER to gc_1
1 14:00:00; 136800; battery_1; SOC 0.5669203333333339, charge pref BatteryChargingPreference.NEUTRAL; None; unchanged charge preference
1 14:00:01; 136801; gc_1; ; None; Read MessageType.POWER from pv_1 with value -1386.0
1 14:00:01; 136801; battery_1; SOC 0.5669255555555561, charge pref BatteryChargingPreference.NEUTRAL; None; battery load changed from 940.0 to 886.0
1 14:10:00; 137400; pv_1; power_msg; -1314.0; POWER to gc_1
1 14:10:01; 137401; gc_1; ; None; Read MessageType.POWER from pv_1 with value -1314.0
1 14:10:01; 137401; battery_1; SOC 0.5698788888888895, charge pref BatteryChargingPreference.NEUTRAL; None; battery load changed from 886.0 to 814.0
1 14:20:00; 138000; pv_1; power_msg; -1242.0; POWER to gc_1
1 14:20:01; 138001; gc_1; ; None; Read MessageType.POWER from pv_1 with value -1242.0
1 14:20:01; 138001; battery_1; SOC 0.5725922222222228, charge pref BatteryChargingPreference.NEUTRAL; None; battery load changed from 814.0 to 742.0
1 14:30:00; 138600; pv_1; power_msg; -1152.0; POWER to gc_1
1 14:30:01; 138601; gc_1; ; None; Read MessageType.POWER from pv_1 with value -1152.0
1 14:30:01; 138601; battery_1; SOC 0.5750655555555562, charge pref BatteryChargingPreference.NEUTRAL; None; battery load changed from 742.0 to 652.0
1 14:40:00; 139200; pv_1; power_msg; -1080.0; POWER to gc_1
1 14:40:01; 139201; gc_1; ; None; Read MessageType.POWER from pv_1 with value -1080.0
1 14:40:01; 139201; battery_1; SOC 0.5772388888888895, charge pref BatteryChargingPreference.NEUTRAL; None; battery load changed from 652.0 to 580.0
1 14:50:00; 139800; pv_1; power_msg; -990.0000000000001; POWER to gc_1
1 14:50:01; 139801; gc_1; ; None; Read MessageType.POWER from pv_1 with value -990.0000000000001
1 14:50:01; 139801; battery_1; SOC 0.5791722222222229, charge pref BatteryChargingPreference.NEUTRAL; None; battery load changed from 580.0 to 490.0000000000001
1 15:00:00; 140400; pv_1; power_msg; -900.0; POWER to gc_1
1 15:00:01; 140401; gc_1; ; None; Read MessageType.POWER from pv_1 with value -900.0
1 15:00:01; 140401; battery_1; SOC 0.5808055555555561, charge pref BatteryChargingPreference.NEUTRAL; None; battery load changed from 490.0000000000001 to 400.0
1 15:10:00; 141000; pv_1; power_msg; -810.0; POWER to gc_1
1 15:10:01; 141001; gc_1; ; None; Read MessageType.POWER from pv_1 with value -810.0
1 15:10:01; 141001; battery_1; SOC 0.5821388888888895, charge pref BatteryChargingPreference.NEUTRAL; None; battery load changed from 400.0 to 310.0
1 15:20:00; 141600; pv_1; power_msg; -720.0; POWER to gc_1
1 15:20:01; 141601; gc_1; ; None; Read MessageType.POWER from pv_1 with value -720.0
1 15:20:01; 141601; battery_1; SOC 0.5831722222222229, charge pref BatteryChargingPreference.NEUTRAL; None; battery load changed from 310.0 to 220.0
1 15:30:00; 142200; pv_1; power_msg; -612.0; POWER to gc_1
1 15:30:01; 142201; gc_1; ; None; Read MessageType.POWER from pv_1 with value -612.0
1 15:30:01; 142201; battery_1; SOC 0.5839055555555562, charge pref BatteryChargingPreference.NEUTRAL; None; battery load changed from 220.0 to 112.0
1 15:40:00; 142800; pv_1; power_msg; -522.0; POWER to gc_1
1 15:40:01; 142801; gc_1; ; None; Read MessageType.POWER from pv_1 with value -522.0
1 15:40:01; 142801; battery_1; SOC 0.5842788888888897, charge pref BatteryChargingPreference.NEUTRAL; None; battery load changed from 112.0 to 22.0
1 15:50:00; 143400; pv_1; power_msg; -414.0; POWER to gc_1
1 15:50:01; 143401; gc_1; ; None; Read MessageType.POWER from pv_1 with value -414.0
1 15:50:01; 143401; battery_1; SOC 0.584352222222223, charge pref BatteryChargingPreference.NEUTRAL; None; battery load changed from 22.0 to -86.0
1 16:00:00; 144000; pv_1; power_msg; -306.0; POWER to gc_1
1 16:00:01; 144001; gc_1; ; None; Read MessageType.POWER from pv_1 with value -306.0
1 16:00:01; 144001; battery_1; SOC 0.5840655555555564, charge pref BatteryChargingPreference.NEUTRAL; None; unchanged charge preference
1 16:00:01; 144001; battery_1; SOC 0.5840655555555564, charge pref BatteryChargingPreference.NEUTRAL; None; battery load changed from -86.0 to -194.0
1 16:10:00; 144600; pv_1; power_msg; -216.0; POWER to gc_1
1 16:10:01; 144601; gc_1; ; None; Read MessageType.POWER from pv_1 with value -216.0
1 16:10:01; 144601; battery_1; SOC 0.5834188888888898, charge pref BatteryChargingPreference.NEUTRAL; None; battery load changed from -194.0 to -284.0
1 16:20:00; 145200; pv_1; power_msg; -108.0; POWER to gc_1
1 16:20:01; 145201; gc_1; ; None; Read MessageType.POWER from pv_1 with value -108.0
1 16:20:01; 145201; battery_1; SOC 0.5824722222222233, charge pref BatteryChargingPreference.NEUTRAL; None; battery load changed from -284.0 to -392.0
1 16:30:00; 145800; pv_1; power_msg; -0.0; POWER to gc_1
1 16:30:01; 145801; gc_1; ; None; Read MessageType.POWER from pv_1 with value -0.0
1 16:30:01; 145801; battery_1; SOC 0.5811655555555566, charge pref BatteryChargingPreference.NEUTRAL; None; battery load changed from -392.0 to -500.0
1 18:00:00; 151200; eud_1; shut_down; 0; shut down eud_1
1 18:00:00; 151200; eud_1; power_msg; 0; POWER to gc_1
1 18:00:00; 151200; utm_1; set sell price; 0.05; set sell price
1 18:00:00; 151200; utm_1; price message; 0.05; price msg to gc_1
1 18:00:01; 151201; gc_1; ; None; Read MessageType.POWER from eud_1 with value 0
1 18:00:01; 151201; battery_1; SOC 0.5661655555555565, charge pref BatteryChargingPreference.NEUTRAL; None; battery load changed from -500.0 to 0.0
1 18:00:01; 151201; gc_1; ; None; Read MessageType.PRICE from utm_1 with value 0.05
1 18:20:00; 152400; battery_1; SOC 0.5661655555555565, charge pref BatteryChargingPreference.NEUTRAL; None; unchanged charge preference
1 20:40:00; 160800; battery_1; SOC 0.5661655555555565, charge pref BatteryChargingPreference.NEUTRAL; None; unchanged charge preference
1 23:00:00; 169200; battery_1; SOC 0.5661655555555565, charge pref BatteryChargingPreference.NEUTRAL; None; unchanged charge preference
2 00:00:00; 172800; gc_1; power calcs; 17331.722222222237; sum Wh out
2 00:00:00; 172800; gc_1; power calcs; 20640.0; sum Wh in
2 00:00:00; 172800; gc_1; power_calcs; 11220.0; battery sum charge Wh
2 00:00:00; 172800; gc_1; power_calcs; 7911.722222222225; battery sum discharge Wh
2 00:00:00; 172800; gc_1; valid_calcs; True; valid power balance: True
2 00:00:00; 172800; utm_1; power calcs; 0.0; sum Wh out
2 00:00:00; 172800; utm_1; power calcs; 1332.0; sum Wh in
2 00:00:00; 172800; pv_1; power calcs; 20640.0; sum Wh out
2 00:00:00; 172800; pv_1; power calcs; 0.0; sum Wh in
2 00:00:00; 172800; eud_1; power calcs; 0.0; sum Wh out
2 00:00:00; 172800; eud_1; power calcs; 15999.722222222223; sum Wh in
total simulation power in: 37971.72222222222 Wh
total simulation power out: 37971.72222222223 Wh
